Using pre-set license
Built from '2021.3/staging' branch; Version is '2021.3.10f1 (1c7d0df0160b) revision 1867021'; Using compiler version '192829333'; Build Type 'Release'
OS: 'Windows 10  (10.0.19044) 64bit Core' Language: 'en' Physical Memory: 16332 MB
BatchMode: 1, IsHumanControllingUs: 0, StartBugReporterOnCrash: 0, Is64bit: 1, IsPro: 1

COMMAND LINE ARGUMENTS:
C:\Program Files\Unity\Hub\Editor\2021.3.10f1\Editor\Unity.exe
-adb2
-batchMode
-noUpm
-name
AssetImportWorker1
-projectPath
E:/unity/Angry Gophers(JW)
-logFile
Logs/AssetImportWorker1.log
-srvPort
52129
Successfully changed project path to: E:/unity/Angry Gophers(JW)
E:/unity/Angry Gophers(JW)
[UnityMemory] Configuration Parameters - Can be set up in boot.config
    "memorysetup-bucket-allocator-granularity=16"
    "memorysetup-bucket-allocator-bucket-count=8"
    "memorysetup-bucket-allocator-block-size=33554432"
    "memorysetup-bucket-allocator-block-count=8"
    "memorysetup-main-allocator-block-size=16777216"
    "memorysetup-thread-allocator-block-size=16777216"
    "memorysetup-gfx-main-allocator-block-size=16777216"
    "memorysetup-gfx-thread-allocator-block-size=16777216"
    "memorysetup-cache-allocator-block-size=4194304"
    "memorysetup-typetree-allocator-block-size=2097152"
    "memorysetup-profiler-bucket-allocator-granularity=16"
    "memorysetup-profiler-bucket-allocator-bucket-count=8"
    "memorysetup-profiler-bucket-allocator-block-size=33554432"
    "memorysetup-profiler-bucket-allocator-block-count=8"
    "memorysetup-profiler-allocator-block-size=16777216"
    "memorysetup-profiler-editor-allocator-block-size=1048576"
    "memorysetup-temp-allocator-size-main=16777216"
    "memorysetup-job-temp-allocator-block-size=2097152"
    "memorysetup-job-temp-allocator-block-size-background=1048576"
    "memorysetup-job-temp-allocator-reduction-small-platforms=262144"
    "memorysetup-temp-allocator-size-background-worker=32768"
    "memorysetup-temp-allocator-size-job-worker=262144"
    "memorysetup-temp-allocator-size-preload-manager=33554432"
    "memorysetup-temp-allocator-size-nav-mesh-worker=65536"
    "memorysetup-temp-allocator-size-audio-worker=65536"
    "memorysetup-temp-allocator-size-cloud-worker=32768"
    "memorysetup-temp-allocator-size-gi-baking-worker=262144"
    "memorysetup-temp-allocator-size-gfx=262144"
Refreshing native plugins compatible for Editor in 80.15 ms, found 3 plugins.
Preloading 0 native plugins for Editor in 0.00 ms.
Initialize engine version: 2021.3.10f1 (1c7d0df0160b)
[Subsystems] Discovering subsystems at path C:/Program Files/Unity/Hub/Editor/2021.3.10f1/Editor/Data/Resources/UnitySubsystems
[Subsystems] Discovering subsystems at path E:/unity/Angry Gophers(JW)/Assets
GfxDevice: creating device client; threaded=0; jobified=0
Direct3D:
    Version:  Direct3D 11.0 [level 11.1]
    Renderer: AMD Radeon RX 5700 XT (ID=0x731f)
    Vendor:   ATI
    VRAM:     8151 MB
    Driver:   31.0.12019.11001
Initialize mono
Mono path[0] = 'C:/Program Files/Unity/Hub/Editor/2021.3.10f1/Editor/Data/Managed'
Mono path[1] = 'C:/Program Files/Unity/Hub/Editor/2021.3.10f1/Editor/Data/MonoBleedingEdge/lib/mono/unityjit-win32'
Mono config path = 'C:/Program Files/Unity/Hub/Editor/2021.3.10f1/Editor/Data/MonoBleedingEdge/etc'
Using monoOptions --debugger-agent=transport=dt_socket,embedding=1,server=y,suspend=n,address=127.0.0.1:56228
Begin MonoManager ReloadAssembly
Registering precompiled unity dll's ...
Register platform support module: C:/Program Files/Unity/Hub/Editor/2021.3.10f1/Editor/Data/PlaybackEngines/WindowsStandaloneSupport/UnityEditor.WindowsStandalone.Extensions.dll
Registered in 0.007333 seconds.
Native extension for WindowsStandalone target not found
Refreshing native plugins compatible for Editor in 92.70 ms, found 3 plugins.
Preloading 0 native plugins for Editor in 0.00 ms.
Mono: successfully reloaded assembly
- Completed reload, in  0.633 seconds
Domain Reload Profiling:
	ReloadAssembly (633ms)
		BeginReloadAssembly (67ms)
			ExecutionOrderSort (0ms)
			DisableScriptedObjects (0ms)
			BackupInstance (0ms)
			ReleaseScriptingObjects (0ms)
			CreateAndSetChildDomain (1ms)
		EndReloadAssembly (464ms)
			LoadAssemblies (65ms)
			RebuildTransferFunctionScriptingTraits (0ms)
			SetupTypeCache (90ms)
			ReleaseScriptCaches (0ms)
			RebuildScriptCaches (32ms)
			SetupLoadedEditorAssemblies (292ms)
				LogAssemblyErrors (0ms)
				InitializePlatformSupportModulesInManaged (10ms)
				SetLoadedEditorAssemblies (0ms)
				RefreshPlugins (93ms)
				BeforeProcessingInitializeOnLoad (1ms)
				ProcessInitializeOnLoadAttributes (141ms)
				ProcessInitializeOnLoadMethodAttributes (46ms)
				AfterProcessingInitializeOnLoad (0ms)
				EditorAssembliesLoaded (0ms)
			ExecutionOrderSort2 (0ms)
			AwakeInstancesAfterBackupRestoration (0ms)
Platform modules already initialized, skipping
Registering precompiled user dll's ...
Registered in 0.005470 seconds.
Begin MonoManager ReloadAssembly
Symbol file LoadedFromMemory doesn't match image E:\unity\Angry Gophers(JW)\Library\PackageCache\com.unity.visualscripting@1.7.8\Editor\VisualScripting.Core\Dependencies\YamlDotNet\Unity.VisualScripting.YamlDotNet.dll
Symbol file LoadedFromMemory doesn't match image E:\unity\Angry Gophers(JW)\Library\PackageCache\com.unity.visualscripting@1.7.8\Editor\VisualScripting.Core\Dependencies\DotNetZip\Unity.VisualScripting.IonicZip.dll
Native extension for WindowsStandalone target not found
Refreshing native plugins compatible for Editor in 0.68 ms, found 3 plugins.
Preloading 0 native plugins for Editor in 0.00 ms.
Mono: successfully reloaded assembly
- Completed reload, in  0.936 seconds
Domain Reload Profiling:
	ReloadAssembly (937ms)
		BeginReloadAssembly (104ms)
			ExecutionOrderSort (0ms)
			DisableScriptedObjects (5ms)
			BackupInstance (0ms)
			ReleaseScriptingObjects (0ms)
			CreateAndSetChildDomain (19ms)
		EndReloadAssembly (718ms)
			LoadAssemblies (81ms)
			RebuildTransferFunctionScriptingTraits (0ms)
			SetupTypeCache (235ms)
			ReleaseScriptCaches (1ms)
			RebuildScriptCaches (43ms)
			SetupLoadedEditorAssemblies (329ms)
				LogAssemblyErrors (0ms)
				InitializePlatformSupportModulesInManaged (6ms)
				SetLoadedEditorAssemblies (0ms)
				RefreshPlugins (1ms)
				BeforeProcessingInitializeOnLoad (83ms)
				ProcessInitializeOnLoadAttributes (205ms)
				ProcessInitializeOnLoadMethodAttributes (25ms)
				AfterProcessingInitializeOnLoad (9ms)
				EditorAssembliesLoaded (0ms)
			ExecutionOrderSort2 (0ms)
			AwakeInstancesAfterBackupRestoration (5ms)
Platform modules already initialized, skipping
========================================================================
Worker process is ready to serve import requests
Launched and connected shader compiler UnityShaderCompiler.exe after 0.05 seconds
Refreshing native plugins compatible for Editor in 0.67 ms, found 3 plugins.
Preloading 0 native plugins for Editor in 0.00 ms.
Unloading 3380 Unused Serialized files (Serialized files now loaded: 0)
Unloading 27 unused Assets / (113.4 KB). Loaded Objects now: 3837.
Memory consumption went from 116.2 MB to 116.1 MB.
Total: 3.263100 ms (FindLiveObjects: 0.309900 ms CreateObjectMapping: 0.092300 ms MarkObjects: 2.758100 ms  DeleteObjects: 0.101700 ms)

AssetImportParameters requested are different than current active one (requested -> active):
  custom:video-decoder-ogg-theora: a1e56fd34408186e4bbccfd4996cb3dc -> 
  custom:container-muxer-webm: aa71ff27fc2769a1b78a27578f13a17b -> 
  custom:container-demuxer-webm: 4f35f7cbe854078d1ac9338744f61a02 -> 
  custom:video-encoder-webm-vp8: eb34c28f22e8b96e1ab97ce403110664 -> 
  custom:audio-encoder-webm-vorbis: bf7c407c2cedff20999df2af8eb42d56 -> 
  custom:framework-win-MediaFoundation: 216162199b28c13a410421893ffa2e32 -> 
  custom:container-demuxer-ogg: 62fdf1f143b41e24485cea50d1cbac27 -> 
  custom:video-decoder-webm-vp8: 9c59270c3fd7afecdb556c50c9e8de78 -> 
  custom:audio-decoder-ogg-vorbis: bf7c407c2cedff20999df2af8eb42d56 -> 
========================================================================
Received Import Request.
  Time since last request: 355855.506339 seconds.
  path: Assets/Nice Materials Pack 2/Materials/Cloth.mat
  artifactKey: Guid(cf10f84fe1f714b2ca589a07a26c7499) Importer(815301076,1909f56bfc062723c751e8b465ee728b)
Start importing Assets/Nice Materials Pack 2/Materials/Cloth.mat using Guid(cf10f84fe1f714b2ca589a07a26c7499) Importer(815301076,1909f56bfc062723c751e8b465ee728b)  -> (artifact id: 'f38d8f0d18b3b4f91e7623c4ec837276') in 0.368243 seconds 
========================================================================
Received Import Request.
  Time since last request: 0.000027 seconds.
  path: Assets/Nice Materials Pack 2/OtherAssets/Objects/Materials/No Name.mat
  artifactKey: Guid(d757d96bf5b004f108f92ccf4345c9e6) Importer(815301076,1909f56bfc062723c751e8b465ee728b)
Start importing Assets/Nice Materials Pack 2/OtherAssets/Objects/Materials/No Name.mat using Guid(d757d96bf5b004f108f92ccf4345c9e6) Importer(815301076,1909f56bfc062723c751e8b465ee728b)  -> (artifact id: '1b9477fc853f5a6e018c3e0265c8c0a0') in 0.212675 seconds 
========================================================================
Received Import Request.
  Time since last request: 0.000038 seconds.
  path: Assets/Nice Materials Pack 2/Materials/PaintedWall.mat
  artifactKey: Guid(6a15be5e14f6b4dafa01c7005896bece) Importer(815301076,1909f56bfc062723c751e8b465ee728b)
Start importing Assets/Nice Materials Pack 2/Materials/PaintedWall.mat using Guid(6a15be5e14f6b4dafa01c7005896bece) Importer(815301076,1909f56bfc062723c751e8b465ee728b)  -> (artifact id: '8bd0d9c9470826a59de93c1bb4386805') in 0.222798 seconds 
========================================================================
Received Import Request.
  Time since last request: 0.000030 seconds.
  path: Assets/Nice Materials Pack 2/Materials/Stone Tile.mat
  artifactKey: Guid(d6a11a1a1fb27438f9ffca3db18c6b7a) Importer(815301076,1909f56bfc062723c751e8b465ee728b)
Start importing Assets/Nice Materials Pack 2/Materials/Stone Tile.mat using Guid(d6a11a1a1fb27438f9ffca3db18c6b7a) Importer(815301076,1909f56bfc062723c751e8b465ee728b)  -> (artifact id: '38d269a4c6d5deaccefc5cfbda079174') in 0.229894 seconds 
========================================================================
Received Import Request.
  Time since last request: 0.000040 seconds.
  path: Assets/Nice Materials Pack 2/OtherAssets/Stone Tile 1.mat
  artifactKey: Guid(bedfaa23e0cbb40af9a821cb27393d6a) Importer(815301076,1909f56bfc062723c751e8b465ee728b)
Start importing Assets/Nice Materials Pack 2/OtherAssets/Stone Tile 1.mat using Guid(bedfaa23e0cbb40af9a821cb27393d6a) Importer(815301076,1909f56bfc062723c751e8b465ee728b)  -> (artifact id: '14e7d1624b68f366912a2387cddc202e') in 0.031904 seconds 
========================================================================
Received Import Request.
  Time since last request: 0.000024 seconds.
  path: Assets/Nice Materials Pack 2/Materials/ScratchedWood.mat
  artifactKey: Guid(5242bb0cdd57b4dd099677f93959a624) Importer(815301076,1909f56bfc062723c751e8b465ee728b)
Start importing Assets/Nice Materials Pack 2/Materials/ScratchedWood.mat using Guid(5242bb0cdd57b4dd099677f93959a624) Importer(815301076,1909f56bfc062723c751e8b465ee728b)  -> (artifact id: '236204c504bae17d39ecaebeb6e37d4c') in 0.241100 seconds 
========================================================================
Received Import Request.
  Time since last request: 0.000040 seconds.
  path: Assets/Nice Materials Pack 2/Materials/Processed Leather.mat
  artifactKey: Guid(c5ca6b792a25d4561a541a05ed4baf1a) Importer(815301076,1909f56bfc062723c751e8b465ee728b)
Start importing Assets/Nice Materials Pack 2/Materials/Processed Leather.mat using Guid(c5ca6b792a25d4561a541a05ed4baf1a) Importer(815301076,1909f56bfc062723c751e8b465ee728b)  -> (artifact id: '902cfaafc19fddbd3a4f5fd80b898cd8') in 0.220514 seconds 
========================================================================
Received Import Request.
  Time since last request: 42.742296 seconds.
  path: Assets/Unity Store Downloads/Nice Materials Pack 2/OtherAssets/Textures/Textured Carpet(2K)_OCC.png
  artifactKey: Guid(9edf5bc892bf743f8851af245c662b9f) Importer(815301076,1909f56bfc062723c751e8b465ee728b)
Start importing Assets/Unity Store Downloads/Nice Materials Pack 2/OtherAssets/Textures/Textured Carpet(2K)_OCC.png using Guid(9edf5bc892bf743f8851af245c662b9f) Importer(815301076,1909f56bfc062723c751e8b465ee728b)  -> (artifact id: 'c9b6fee33fdb1985486f7615ecdb44ad') in 0.065244 seconds 
========================================================================
Received Import Request.
  Time since last request: 0.000027 seconds.
  path: Assets/Unity Store Downloads/Nice Materials Pack 2/OtherAssets/Textures/Textured Carpet(2K)_SPEC.png
  artifactKey: Guid(69486f7c976f44cdaa9d7a8c0696c698) Importer(815301076,1909f56bfc062723c751e8b465ee728b)
Start importing Assets/Unity Store Downloads/Nice Materials Pack 2/OtherAssets/Textures/Textured Carpet(2K)_SPEC.png using Guid(69486f7c976f44cdaa9d7a8c0696c698) Importer(815301076,1909f56bfc062723c751e8b465ee728b)  -> (artifact id: 'd633dfea264257e039324f1de0ab0bce') in 0.014053 seconds 
========================================================================
Received Prepare
Registering precompiled user dll's ...
Registered in 0.005079 seconds.
Begin MonoManager ReloadAssembly
Symbol file LoadedFromMemory doesn't match image E:\unity\Angry Gophers(JW)\Library\PackageCache\com.unity.visualscripting@1.7.8\Editor\VisualScripting.Core\Dependencies\YamlDotNet\Unity.VisualScripting.YamlDotNet.dll
Symbol file LoadedFromMemory doesn't match image E:\unity\Angry Gophers(JW)\Library\PackageCache\com.unity.visualscripting@1.7.8\Editor\VisualScripting.Core\Dependencies\DotNetZip\Unity.VisualScripting.IonicZip.dll
Native extension for WindowsStandalone target not found
Refreshing native plugins compatible for Editor in 0.74 ms, found 3 plugins.
Preloading 0 native plugins for Editor in 0.00 ms.
Mono: successfully reloaded assembly
- Completed reload, in  1.020 seconds
Domain Reload Profiling:
	ReloadAssembly (1021ms)
		BeginReloadAssembly (199ms)
			ExecutionOrderSort (0ms)
			DisableScriptedObjects (6ms)
			BackupInstance (0ms)
			ReleaseScriptingObjects (0ms)
			CreateAndSetChildDomain (83ms)
		EndReloadAssembly (725ms)
			LoadAssemblies (95ms)
			RebuildTransferFunctionScriptingTraits (0ms)
			SetupTypeCache (263ms)
			ReleaseScriptCaches (1ms)
			RebuildScriptCaches (38ms)
			SetupLoadedEditorAssemblies (307ms)
				LogAssemblyErrors (0ms)
				InitializePlatformSupportModulesInManaged (12ms)
				SetLoadedEditorAssemblies (0ms)
				RefreshPlugins (1ms)
				BeforeProcessingInitializeOnLoad (65ms)
				ProcessInitializeOnLoadAttributes (194ms)
				ProcessInitializeOnLoadMethodAttributes (25ms)
				AfterProcessingInitializeOnLoad (9ms)
				EditorAssembliesLoaded (0ms)
			ExecutionOrderSort2 (0ms)
			AwakeInstancesAfterBackupRestoration (6ms)
Platform modules already initialized, skipping
Refreshing native plugins compatible for Editor in 1.76 ms, found 3 plugins.
Preloading 0 native plugins for Editor in 0.00 ms.
Unloading 3384 Unused Serialized files (Serialized files now loaded: 0)
Unloading 24 unused Assets / (1.4 MB). Loaded Objects now: 3889.
Memory consumption went from 125.2 MB to 123.8 MB.
Total: 3.896800 ms (FindLiveObjects: 0.302300 ms CreateObjectMapping: 0.086200 ms MarkObjects: 2.917900 ms  DeleteObjects: 0.589600 ms)

AssetImportParameters requested are different than current active one (requested -> active):
  custom:video-decoder-ogg-theora: a1e56fd34408186e4bbccfd4996cb3dc -> 
  custom:container-muxer-webm: aa71ff27fc2769a1b78a27578f13a17b -> 
  custom:container-demuxer-webm: 4f35f7cbe854078d1ac9338744f61a02 -> 
  custom:video-encoder-webm-vp8: eb34c28f22e8b96e1ab97ce403110664 -> 
  custom:audio-encoder-webm-vorbis: bf7c407c2cedff20999df2af8eb42d56 -> 
  custom:framework-win-MediaFoundation: 216162199b28c13a410421893ffa2e32 -> 
  custom:container-demuxer-ogg: 62fdf1f143b41e24485cea50d1cbac27 -> 
  custom:video-decoder-webm-vp8: 9c59270c3fd7afecdb556c50c9e8de78 -> 
  custom:audio-decoder-ogg-vorbis: bf7c407c2cedff20999df2af8eb42d56 -> 
========================================================================
Received Prepare
Registering precompiled user dll's ...
Registered in 0.005961 seconds.
Begin MonoManager ReloadAssembly
Symbol file LoadedFromMemory doesn't match image E:\unity\Angry Gophers(JW)\Library\PackageCache\com.unity.visualscripting@1.7.8\Editor\VisualScripting.Core\Dependencies\YamlDotNet\Unity.VisualScripting.YamlDotNet.dll
Symbol file LoadedFromMemory doesn't match image E:\unity\Angry Gophers(JW)\Library\PackageCache\com.unity.visualscripting@1.7.8\Editor\VisualScripting.Core\Dependencies\DotNetZip\Unity.VisualScripting.IonicZip.dll
Native extension for WindowsStandalone target not found
Refreshing native plugins compatible for Editor in 0.74 ms, found 3 plugins.
Preloading 0 native plugins for Editor in 0.00 ms.
Mono: successfully reloaded assembly
- Completed reload, in  0.915 seconds
Domain Reload Profiling:
	ReloadAssembly (916ms)
		BeginReloadAssembly (124ms)
			ExecutionOrderSort (0ms)
			DisableScriptedObjects (5ms)
			BackupInstance (0ms)
			ReleaseScriptingObjects (0ms)
			CreateAndSetChildDomain (34ms)
		EndReloadAssembly (699ms)
			LoadAssemblies (84ms)
			RebuildTransferFunctionScriptingTraits (0ms)
			SetupTypeCache (235ms)
			ReleaseScriptCaches (1ms)
			RebuildScriptCaches (40ms)
			SetupLoadedEditorAssemblies (304ms)
				LogAssemblyErrors (0ms)
				InitializePlatformSupportModulesInManaged (12ms)
				SetLoadedEditorAssemblies (0ms)
				RefreshPlugins (1ms)
				BeforeProcessingInitializeOnLoad (63ms)
				ProcessInitializeOnLoadAttributes (191ms)
				ProcessInitializeOnLoadMethodAttributes (26ms)
				AfterProcessingInitializeOnLoad (11ms)
				EditorAssembliesLoaded (0ms)
			ExecutionOrderSort2 (0ms)
			AwakeInstancesAfterBackupRestoration (6ms)
Platform modules already initialized, skipping
Refreshing native plugins compatible for Editor in 2.06 ms, found 3 plugins.
Preloading 0 native plugins for Editor in 0.00 ms.
Unloading 3379 Unused Serialized files (Serialized files now loaded: 0)
Unloading 24 unused Assets / (1.4 MB). Loaded Objects now: 3892.
Memory consumption went from 124.7 MB to 123.3 MB.
Total: 3.651200 ms (FindLiveObjects: 0.352300 ms CreateObjectMapping: 0.084700 ms MarkObjects: 2.493800 ms  DeleteObjects: 0.719200 ms)

AssetImportParameters requested are different than current active one (requested -> active):
  custom:video-decoder-ogg-theora: a1e56fd34408186e4bbccfd4996cb3dc -> 
  custom:container-muxer-webm: aa71ff27fc2769a1b78a27578f13a17b -> 
  custom:container-demuxer-webm: 4f35f7cbe854078d1ac9338744f61a02 -> 
  custom:video-encoder-webm-vp8: eb34c28f22e8b96e1ab97ce403110664 -> 
  custom:audio-encoder-webm-vorbis: bf7c407c2cedff20999df2af8eb42d56 -> 
  custom:framework-win-MediaFoundation: 216162199b28c13a410421893ffa2e32 -> 
  custom:container-demuxer-ogg: 62fdf1f143b41e24485cea50d1cbac27 -> 
  custom:video-decoder-webm-vp8: 9c59270c3fd7afecdb556c50c9e8de78 -> 
  custom:audio-decoder-ogg-vorbis: bf7c407c2cedff20999df2af8eb42d56 -> 
========================================================================
Received Import Request.
  Time since last request: 1667.885496 seconds.
  path: Assets/Unity Store Downloads/Nice Materials Pack 2/Materials
  artifactKey: Guid(6ea64e63166a445cbb05863345c28589) Importer(815301076,1909f56bfc062723c751e8b465ee728b)
Start importing Assets/Unity Store Downloads/Nice Materials Pack 2/Materials using Guid(6ea64e63166a445cbb05863345c28589) Importer(815301076,1909f56bfc062723c751e8b465ee728b)  -> (artifact id: '4fa442da7d5e72bb36748a016ebaa367') in 0.011738 seconds 
========================================================================
Received Import Request.
  Time since last request: 5.073404 seconds.
  path: Assets/Unity Store Downloads/Nice Materials Pack 2/OtherAssets
  artifactKey: Guid(d6961ae9971f44503866b21c8af429c9) Importer(815301076,1909f56bfc062723c751e8b465ee728b)
Start importing Assets/Unity Store Downloads/Nice Materials Pack 2/OtherAssets using Guid(d6961ae9971f44503866b21c8af429c9) Importer(815301076,1909f56bfc062723c751e8b465ee728b)  -> (artifact id: '00bd6405df7a8c4a63505718e888ba2f') in 0.005542 seconds 
========================================================================
Received Import Request.
  Time since last request: 1.523034 seconds.
  path: Assets/Unity Store Downloads/Nice Materials Pack 2/Shaders
  artifactKey: Guid(8c97b086bc935453e891f63be0db50f0) Importer(815301076,1909f56bfc062723c751e8b465ee728b)
Start importing Assets/Unity Store Downloads/Nice Materials Pack 2/Shaders using Guid(8c97b086bc935453e891f63be0db50f0) Importer(815301076,1909f56bfc062723c751e8b465ee728b)  -> (artifact id: '735cf28684936e32c639ca42050b0f5c') in 0.005242 seconds 
========================================================================
Received Import Request.
  Time since last request: 0.539677 seconds.
  path: Assets/Unity Store Downloads/Nice Materials Pack 2/Shaders/Concrete Wall.shader
  artifactKey: Guid(cd939d1adbd7a468b92022df3a8a4486) Importer(815301076,1909f56bfc062723c751e8b465ee728b)
Start importing Assets/Unity Store Downloads/Nice Materials Pack 2/Shaders/Concrete Wall.shader using Guid(cd939d1adbd7a468b92022df3a8a4486) Importer(815301076,1909f56bfc062723c751e8b465ee728b)  -> (artifact id: '1fdce4b5f14cb4b31f80f90589a42d12') in 0.017986 seconds 
========================================================================
Received Import Request.
  Time since last request: 8.691614 seconds.
  path: Assets/Unity Store Downloads/Nice Materials Pack 2/Shaders/Cloth.shader
  artifactKey: Guid(0d21555174836451ea20b459d333fb6c) Importer(815301076,1909f56bfc062723c751e8b465ee728b)
Start importing Assets/Unity Store Downloads/Nice Materials Pack 2/Shaders/Cloth.shader using Guid(0d21555174836451ea20b459d333fb6c) Importer(815301076,1909f56bfc062723c751e8b465ee728b)  -> (artifact id: 'ee7ff7b061b739b04d7a835a94eae568') in 0.005430 seconds 
========================================================================
Received Import Request.
  Time since last request: 0.845746 seconds.
  path: Assets/Unity Store Downloads/Nice Materials Pack 2/Shaders/Carpet.shader
  artifactKey: Guid(0da88218978564f2ea42d36f73b48fe6) Importer(815301076,1909f56bfc062723c751e8b465ee728b)
Start importing Assets/Unity Store Downloads/Nice Materials Pack 2/Shaders/Carpet.shader using Guid(0da88218978564f2ea42d36f73b48fe6) Importer(815301076,1909f56bfc062723c751e8b465ee728b)  -> (artifact id: 'e3d5a45a8fa9b41f41fd4ad3f676ce1f') in 0.003520 seconds 
========================================================================
Received Import Request.
  Time since last request: 9.061481 seconds.
  path: Assets/Unity Store Downloads/Nice Materials Pack 2/Shaders/PaintedWall.shader
  artifactKey: Guid(a28ac832d1fd64c2caabef2f93917cbf) Importer(815301076,1909f56bfc062723c751e8b465ee728b)
Start importing Assets/Unity Store Downloads/Nice Materials Pack 2/Shaders/PaintedWall.shader using Guid(a28ac832d1fd64c2caabef2f93917cbf) Importer(815301076,1909f56bfc062723c751e8b465ee728b)  -> (artifact id: 'fb092610942eee8c24a3d319c895a493') in 0.002342 seconds 
========================================================================
Received Import Request.
  Time since last request: 196.745731 seconds.
  path: Assets/Unity Store Downloads/Nice Materials Pack 2/OtherAssets/Objects/3.fbx
  artifactKey: Guid(0b6e6326ce67f4586a003876f40bb16a) Importer(815301076,1909f56bfc062723c751e8b465ee728b)
Start importing Assets/Unity Store Downloads/Nice Materials Pack 2/OtherAssets/Objects/3.fbx using Guid(0b6e6326ce67f4586a003876f40bb16a) Importer(815301076,1909f56bfc062723c751e8b465ee728b)  -> (artifact id: 'd5e86bcedaa81670aef2419ffdfafe61') in 0.211274 seconds 
========================================================================
Received Prepare
Registering precompiled user dll's ...
Registered in 0.006135 seconds.
Begin MonoManager ReloadAssembly
Symbol file LoadedFromMemory doesn't match image E:\unity\Angry Gophers(JW)\Library\PackageCache\com.unity.visualscripting@1.7.8\Editor\VisualScripting.Core\Dependencies\YamlDotNet\Unity.VisualScripting.YamlDotNet.dll
Symbol file LoadedFromMemory doesn't match image E:\unity\Angry Gophers(JW)\Library\PackageCache\com.unity.visualscripting@1.7.8\Editor\VisualScripting.Core\Dependencies\DotNetZip\Unity.VisualScripting.IonicZip.dll
Native extension for WindowsStandalone target not found
Refreshing native plugins compatible for Editor in 0.82 ms, found 3 plugins.
Preloading 0 native plugins for Editor in 0.00 ms.
Mono: successfully reloaded assembly
- Completed reload, in  0.928 seconds
Domain Reload Profiling:
	ReloadAssembly (929ms)
		BeginReloadAssembly (128ms)
			ExecutionOrderSort (0ms)
			DisableScriptedObjects (4ms)
			BackupInstance (0ms)
			ReleaseScriptingObjects (0ms)
			CreateAndSetChildDomain (37ms)
		EndReloadAssembly (708ms)
			LoadAssemblies (85ms)
			RebuildTransferFunctionScriptingTraits (0ms)
			SetupTypeCache (237ms)
			ReleaseScriptCaches (1ms)
			RebuildScriptCaches (38ms)
			SetupLoadedEditorAssemblies (310ms)
				LogAssemblyErrors (0ms)
				InitializePlatformSupportModulesInManaged (13ms)
				SetLoadedEditorAssemblies (0ms)
				RefreshPlugins (1ms)
				BeforeProcessingInitializeOnLoad (69ms)
				ProcessInitializeOnLoadAttributes (190ms)
				ProcessInitializeOnLoadMethodAttributes (26ms)
				AfterProcessingInitializeOnLoad (11ms)
				EditorAssembliesLoaded (0ms)
			ExecutionOrderSort2 (0ms)
			AwakeInstancesAfterBackupRestoration (6ms)
Platform modules already initialized, skipping
Refreshing native plugins compatible for Editor in 1.78 ms, found 3 plugins.
Preloading 0 native plugins for Editor in 0.00 ms.
Unloading 3379 Unused Serialized files (Serialized files now loaded: 0)
Unloading 24 unused Assets / (1.4 MB). Loaded Objects now: 3898.
Memory consumption went from 124.9 MB to 123.5 MB.
Total: 3.983600 ms (FindLiveObjects: 0.334800 ms CreateObjectMapping: 0.087600 ms MarkObjects: 2.831400 ms  DeleteObjects: 0.728600 ms)

AssetImportParameters requested are different than current active one (requested -> active):
  custom:video-decoder-ogg-theora: a1e56fd34408186e4bbccfd4996cb3dc -> 
  custom:container-muxer-webm: aa71ff27fc2769a1b78a27578f13a17b -> 
  custom:container-demuxer-webm: 4f35f7cbe854078d1ac9338744f61a02 -> 
  custom:video-encoder-webm-vp8: eb34c28f22e8b96e1ab97ce403110664 -> 
  custom:audio-encoder-webm-vorbis: bf7c407c2cedff20999df2af8eb42d56 -> 
  custom:framework-win-MediaFoundation: 216162199b28c13a410421893ffa2e32 -> 
  custom:container-demuxer-ogg: 62fdf1f143b41e24485cea50d1cbac27 -> 
  custom:video-decoder-webm-vp8: 9c59270c3fd7afecdb556c50c9e8de78 -> 
  custom:audio-decoder-ogg-vorbis: bf7c407c2cedff20999df2af8eb42d56 -> 
========================================================================
Received Import Request.
  Time since last request: 614.555879 seconds.
  path: Assets/Unity Store Downloads/Nice Materials Pack 2/Shaders/Carpet.shader
  artifactKey: Guid(0da88218978564f2ea42d36f73b48fe6) Importer(815301076,1909f56bfc062723c751e8b465ee728b)
Start importing Assets/Unity Store Downloads/Nice Materials Pack 2/Shaders/Carpet.shader using Guid(0da88218978564f2ea42d36f73b48fe6) Importer(815301076,1909f56bfc062723c751e8b465ee728b)  -> (artifact id: 'a6ab9d54a5398d42a96a719fa8f1b0f4') in 0.025886 seconds 
========================================================================
Received Import Request.
  Time since last request: 32.643999 seconds.
  path: Assets/Unity Store Downloads/Nice Materials Pack 2/Shaders/Carpet.shader
  artifactKey: Guid(0da88218978564f2ea42d36f73b48fe6) Importer(815301076,1909f56bfc062723c751e8b465ee728b)
Start importing Assets/Unity Store Downloads/Nice Materials Pack 2/Shaders/Carpet.shader using Guid(0da88218978564f2ea42d36f73b48fe6) Importer(815301076,1909f56bfc062723c751e8b465ee728b)  -> (artifact id: '1ca22ccb9dfcff327c87325f6533118f') in 0.004168 seconds 
========================================================================
Received Import Request.
  Time since last request: 28.240824 seconds.
  path: Assets/Unity Store Downloads/Nice Materials Pack 2/Shaders/Carpet.shader
  artifactKey: Guid(0da88218978564f2ea42d36f73b48fe6) Importer(815301076,1909f56bfc062723c751e8b465ee728b)
Start importing Assets/Unity Store Downloads/Nice Materials Pack 2/Shaders/Carpet.shader using Guid(0da88218978564f2ea42d36f73b48fe6) Importer(815301076,1909f56bfc062723c751e8b465ee728b)  -> (artifact id: '1f6520966a69ae3fb9139800b8280127') in 0.003017 seconds 
========================================================================
Received Import Request.
  Time since last request: 119.715376 seconds.
  path: Assets/Materials/Carpet.mat
  artifactKey: Guid(1539f4bb6f984be4a8a0096fbcbf0c53) Importer(815301076,1909f56bfc062723c751e8b465ee728b)
Start importing Assets/Materials/Carpet.mat using Guid(1539f4bb6f984be4a8a0096fbcbf0c53) Importer(815301076,1909f56bfc062723c751e8b465ee728b)  -> (artifact id: 'fc31d44ea7acbd122f05669c02f5cdf9') in 0.142655 seconds 
========================================================================
Received Import Request.
  Time since last request: 315.027558 seconds.
  path: Assets/Unity Store Downloads/Nice Materials Pack 2
  artifactKey: Guid(ea479f71e30a90340b946e4fab7b4878) Importer(815301076,1909f56bfc062723c751e8b465ee728b)
Start importing Assets/Unity Store Downloads/Nice Materials Pack 2 using Guid(ea479f71e30a90340b946e4fab7b4878) Importer(815301076,1909f56bfc062723c751e8b465ee728b)  -> (artifact id: '848fa69a9033382bc27c20342db976b9') in 0.005631 seconds 
========================================================================
Received Import Request.
  Time since last request: 28.120300 seconds.
  path: Assets/Unity Store Downloads/Nice Materials Pack 2/Shaders/Carpet.shader
  artifactKey: Guid(0da88218978564f2ea42d36f73b48fe6) Importer(815301076,1909f56bfc062723c751e8b465ee728b)
Start importing Assets/Unity Store Downloads/Nice Materials Pack 2/Shaders/Carpet.shader using Guid(0da88218978564f2ea42d36f73b48fe6) Importer(815301076,1909f56bfc062723c751e8b465ee728b)  -> (artifact id: 'e17684379bc280628dbd1cd05e79fc07') in 0.003698 seconds 
========================================================================
Received Prepare
Registering precompiled user dll's ...
Registered in 0.005672 seconds.
Begin MonoManager ReloadAssembly
Symbol file LoadedFromMemory doesn't match image E:\unity\Angry Gophers(JW)\Library\PackageCache\com.unity.visualscripting@1.7.8\Editor\VisualScripting.Core\Dependencies\YamlDotNet\Unity.VisualScripting.YamlDotNet.dll
Symbol file LoadedFromMemory doesn't match image E:\unity\Angry Gophers(JW)\Library\PackageCache\com.unity.visualscripting@1.7.8\Editor\VisualScripting.Core\Dependencies\DotNetZip\Unity.VisualScripting.IonicZip.dll
Native extension for WindowsStandalone target not found
Refreshing native plugins compatible for Editor in 0.74 ms, found 3 plugins.
Preloading 0 native plugins for Editor in 0.00 ms.
Mono: successfully reloaded assembly
- Completed reload, in  0.927 seconds
Domain Reload Profiling:
	ReloadAssembly (928ms)
		BeginReloadAssembly (137ms)
			ExecutionOrderSort (0ms)
			DisableScriptedObjects (4ms)
			BackupInstance (0ms)
			ReleaseScriptingObjects (0ms)
			CreateAndSetChildDomain (41ms)
		EndReloadAssembly (695ms)
			LoadAssemblies (88ms)
			RebuildTransferFunctionScriptingTraits (0ms)
			SetupTypeCache (241ms)
			ReleaseScriptCaches (1ms)
			RebuildScriptCaches (36ms)
			SetupLoadedEditorAssemblies (304ms)
				LogAssemblyErrors (0ms)
				InitializePlatformSupportModulesInManaged (12ms)
				SetLoadedEditorAssemblies (0ms)
				RefreshPlugins (1ms)
				BeforeProcessingInitializeOnLoad (63ms)
				ProcessInitializeOnLoadAttributes (192ms)
				ProcessInitializeOnLoadMethodAttributes (25ms)
				AfterProcessingInitializeOnLoad (9ms)
				EditorAssembliesLoaded (0ms)
			ExecutionOrderSort2 (0ms)
			AwakeInstancesAfterBackupRestoration (5ms)
Platform modules already initialized, skipping
Refreshing native plugins compatible for Editor in 1.90 ms, found 3 plugins.
Preloading 0 native plugins for Editor in 0.00 ms.
Unloading 3379 Unused Serialized files (Serialized files now loaded: 0)
Unloading 24 unused Assets / (1.4 MB). Loaded Objects now: 3901.
Memory consumption went from 124.8 MB to 123.4 MB.
Total: 4.487800 ms (FindLiveObjects: 0.363400 ms CreateObjectMapping: 0.095400 ms MarkObjects: 3.263500 ms  DeleteObjects: 0.764200 ms)

AssetImportParameters requested are different than current active one (requested -> active):
  custom:video-decoder-ogg-theora: a1e56fd34408186e4bbccfd4996cb3dc -> 
  custom:container-muxer-webm: aa71ff27fc2769a1b78a27578f13a17b -> 
  custom:container-demuxer-webm: 4f35f7cbe854078d1ac9338744f61a02 -> 
  custom:video-encoder-webm-vp8: eb34c28f22e8b96e1ab97ce403110664 -> 
  custom:audio-encoder-webm-vorbis: bf7c407c2cedff20999df2af8eb42d56 -> 
  custom:framework-win-MediaFoundation: 216162199b28c13a410421893ffa2e32 -> 
  custom:container-demuxer-ogg: 62fdf1f143b41e24485cea50d1cbac27 -> 
  custom:video-decoder-webm-vp8: 9c59270c3fd7afecdb556c50c9e8de78 -> 
  custom:audio-decoder-ogg-vorbis: bf7c407c2cedff20999df2af8eb42d56 -> 
========================================================================
Received Import Request.
  Time since last request: 2159.856686 seconds.
  path: Assets/Unity Store Downloads/Nice Materials Pack 2/OtherAssets/Textures/Scratched Wood Tile(2K)_COLOR.png
  artifactKey: Guid(abd73ba55dec24e1b8b0d0e61b4e2292) Importer(815301076,1909f56bfc062723c751e8b465ee728b)
Start importing Assets/Unity Store Downloads/Nice Materials Pack 2/OtherAssets/Textures/Scratched Wood Tile(2K)_COLOR.png using Guid(abd73ba55dec24e1b8b0d0e61b4e2292) Importer(815301076,1909f56bfc062723c751e8b465ee728b)  -> (artifact id: 'e3274ede3fbe214837176d7fc5de3aa1') in 0.078704 seconds 
========================================================================
Received Import Request.
  Time since last request: 0.000025 seconds.
  path: Assets/Unity Store Downloads/Nice Materials Pack 2/OtherAssets/Textures/Scratched Wood Tile(2K)_OCC.png
  artifactKey: Guid(b1004863d1d5346bb99e38c5c066d08f) Importer(815301076,1909f56bfc062723c751e8b465ee728b)
Start importing Assets/Unity Store Downloads/Nice Materials Pack 2/OtherAssets/Textures/Scratched Wood Tile(2K)_OCC.png using Guid(b1004863d1d5346bb99e38c5c066d08f) Importer(815301076,1909f56bfc062723c751e8b465ee728b)  -> (artifact id: '5392804c65e6706f29e2a2225a1e415c') in 0.017644 seconds 
========================================================================
Received Import Request.
  Time since last request: 0.000024 seconds.
  path: Assets/Unity Store Downloads/Nice Materials Pack 2/OtherAssets/Textures/Scratched Wood Tile(2K)_DISP.png
  artifactKey: Guid(475b4198859964b54bc33ccf8dfa9e83) Importer(815301076,1909f56bfc062723c751e8b465ee728b)
Start importing Assets/Unity Store Downloads/Nice Materials Pack 2/OtherAssets/Textures/Scratched Wood Tile(2K)_DISP.png using Guid(475b4198859964b54bc33ccf8dfa9e83) Importer(815301076,1909f56bfc062723c751e8b465ee728b)  -> (artifact id: '61c45a77be1d30ee51c84450499ebf66') in 0.013123 seconds 
========================================================================
Received Import Request.
  Time since last request: 202.132402 seconds.
  path: Assets/Unity Store Downloads/Nice Materials Pack 2/Materials/Carpet.mat
  artifactKey: Guid(1de165572fac44c97819a5fd315aa448) Importer(815301076,1909f56bfc062723c751e8b465ee728b)
Start importing Assets/Unity Store Downloads/Nice Materials Pack 2/Materials/Carpet.mat using Guid(1de165572fac44c97819a5fd315aa448) Importer(815301076,1909f56bfc062723c751e8b465ee728b)  -> (artifact id: '9ac25c49464f1eef8d4d722d48afe12f') in 0.253005 seconds 
========================================================================
Received Import Request.
  Time since last request: 0.000032 seconds.
  path: Assets/Unity Store Downloads/Nice Materials Pack 2/OtherAssets/Walls 1.mat
  artifactKey: Guid(e0b91578a5e8d4569abc1664ae2ef202) Importer(815301076,1909f56bfc062723c751e8b465ee728b)
Start importing Assets/Unity Store Downloads/Nice Materials Pack 2/OtherAssets/Walls 1.mat using Guid(e0b91578a5e8d4569abc1664ae2ef202) Importer(815301076,1909f56bfc062723c751e8b465ee728b)  -> (artifact id: '30abe4922d3dda563f92c7bd910eca72') in 0.235244 seconds 
========================================================================
Received Import Request.
  Time since last request: 43.296526 seconds.
  path: Assets/Tim's Assets/Doors/Materials/Door_Material.mat
  artifactKey: Guid(e2eb328e79796c247b89695b89c34865) Importer(815301076,1909f56bfc062723c751e8b465ee728b)
Start importing Assets/Tim's Assets/Doors/Materials/Door_Material.mat using Guid(e2eb328e79796c247b89695b89c34865) Importer(815301076,1909f56bfc062723c751e8b465ee728b)  -> (artifact id: '730529b9f57b6de5b64f144b34bf7395') in 0.386242 seconds 
========================================================================
Received Import Request.
  Time since last request: 0.000026 seconds.
  path: Assets/Tim's Assets/Doors/Mesh/Materials/Frame_Material.mat
  artifactKey: Guid(2183f176eb2a0a84d9a1c0041eb2b38e) Importer(815301076,1909f56bfc062723c751e8b465ee728b)
Start importing Assets/Tim's Assets/Doors/Mesh/Materials/Frame_Material.mat using Guid(2183f176eb2a0a84d9a1c0041eb2b38e) Importer(815301076,1909f56bfc062723c751e8b465ee728b)  -> (artifact id: '1a549bacb60edcf10d4dd13deb912e26') in 0.014121 seconds 
========================================================================
Received Import Request.
  Time since last request: 44.947855 seconds.
  path: Assets/Unity Store Downloads/Tim's Assets/Doors
  artifactKey: Guid(ddb8db65f2b1ce74b85182ded934b461) Importer(815301076,1909f56bfc062723c751e8b465ee728b)
Start importing Assets/Unity Store Downloads/Tim's Assets/Doors using Guid(ddb8db65f2b1ce74b85182ded934b461) Importer(815301076,1909f56bfc062723c751e8b465ee728b)  -> (artifact id: 'b98613a56f92ae28c2ee065c6e7a86b7') in 0.005683 seconds 
========================================================================
Received Import Request.
  Time since last request: 6.471160 seconds.
  path: Assets/Unity Store Downloads/Tim's Assets/Doors/Prefabs
  artifactKey: Guid(8ec0d1c75113fff41a6fe4c956aea599) Importer(815301076,1909f56bfc062723c751e8b465ee728b)
Start importing Assets/Unity Store Downloads/Tim's Assets/Doors/Prefabs using Guid(8ec0d1c75113fff41a6fe4c956aea599) Importer(815301076,1909f56bfc062723c751e8b465ee728b)  -> (artifact id: 'a286c99bc6ce9d2638fd082417ad96e6') in 0.005634 seconds 
========================================================================
Received Import Request.
  Time since last request: 1.578864 seconds.
  path: Assets/Unity Store Downloads/Tim's Assets/Doors/Prefabs/TimsAssets_Door.prefab
  artifactKey: Guid(9f4e5dd2165039f4a878d1c1260761df) Importer(815301076,1909f56bfc062723c751e8b465ee728b)
Start importing Assets/Unity Store Downloads/Tim's Assets/Doors/Prefabs/TimsAssets_Door.prefab using Guid(9f4e5dd2165039f4a878d1c1260761df) Importer(815301076,1909f56bfc062723c751e8b465ee728b)  -> (artifact id: '10fe50e67f4a14602bc89008a43ad602') in 0.257138 seconds 
========================================================================
Received Import Request.
  Time since last request: 255.521954 seconds.
  path: Assets/Unity Store Downloads/Bed & Bath Furniture Pack/Prefabs
  artifactKey: Guid(fdb924f185a4ead4bb0281a4ed15398f) Importer(815301076,1909f56bfc062723c751e8b465ee728b)
Start importing Assets/Unity Store Downloads/Bed & Bath Furniture Pack/Prefabs using Guid(fdb924f185a4ead4bb0281a4ed15398f) Importer(815301076,1909f56bfc062723c751e8b465ee728b)  -> (artifact id: 'c779c2172fd5c247059a6fcdb42271ab') in 0.002205 seconds 
========================================================================
Received Import Request.
  Time since last request: 1.694376 seconds.
  path: Assets/Unity Store Downloads/Bed & Bath Furniture Pack/Prefabs/Bed.prefab
  artifactKey: Guid(313df21c32a46e247960cfd9a4c84a32) Importer(815301076,1909f56bfc062723c751e8b465ee728b)
Start importing Assets/Unity Store Downloads/Bed & Bath Furniture Pack/Prefabs/Bed.prefab using Guid(313df21c32a46e247960cfd9a4c84a32) Importer(815301076,1909f56bfc062723c751e8b465ee728b)  -> (artifact id: '0b4f082a9cf47178c03eb1b7020b07c3') in 0.237616 seconds 
========================================================================
Received Import Request.
  Time since last request: 5.358246 seconds.
  path: Assets/Unity Store Downloads/Bed & Bath Furniture Pack/Prefabs/Dresser.prefab
  artifactKey: Guid(a91b5d21177702448925091b5c768b71) Importer(815301076,1909f56bfc062723c751e8b465ee728b)
Start importing Assets/Unity Store Downloads/Bed & Bath Furniture Pack/Prefabs/Dresser.prefab using Guid(a91b5d21177702448925091b5c768b71) Importer(815301076,1909f56bfc062723c751e8b465ee728b)  -> (artifact id: '66eb6779ea1385796f7167a28ae76139') in 0.023128 seconds 
========================================================================
Received Import Request.
  Time since last request: 0.885357 seconds.
  path: Assets/Unity Store Downloads/Bed & Bath Furniture Pack/Prefabs/Lamp.prefab
  artifactKey: Guid(4d296a7a4fab4d6418164fb23e24e6ba) Importer(815301076,1909f56bfc062723c751e8b465ee728b)
Start importing Assets/Unity Store Downloads/Bed & Bath Furniture Pack/Prefabs/Lamp.prefab using Guid(4d296a7a4fab4d6418164fb23e24e6ba) Importer(815301076,1909f56bfc062723c751e8b465ee728b)  -> (artifact id: '493c0ebb10c6198803d0be6975e7331f') in 0.108147 seconds 
========================================================================
Received Import Request.
  Time since last request: 8.554178 seconds.
  path: Assets/Unity Store Downloads/Bed & Bath Furniture Pack/Models/Bed.obj
  artifactKey: Guid(4122dec1742e2904f93fe455f244efa4) Importer(815301076,1909f56bfc062723c751e8b465ee728b)
Start importing Assets/Unity Store Downloads/Bed & Bath Furniture Pack/Models/Bed.obj using Guid(4122dec1742e2904f93fe455f244efa4) Importer(815301076,1909f56bfc062723c751e8b465ee728b)  -> (artifact id: 'fa1f602742aa10e4db86b8149b58b0c2') in 0.100467 seconds 
========================================================================
Received Import Request.
  Time since last request: 27.095013 seconds.
  path: Assets/Unity Store Downloads/Bed & Bath Furniture Pack/Prefabs/Footstool.prefab
  artifactKey: Guid(9af4105673ab0cf43b649bb007a4f5a1) Importer(815301076,1909f56bfc062723c751e8b465ee728b)
Start importing Assets/Unity Store Downloads/Bed & Bath Furniture Pack/Prefabs/Footstool.prefab using Guid(9af4105673ab0cf43b649bb007a4f5a1) Importer(815301076,1909f56bfc062723c751e8b465ee728b)  -> (artifact id: '1c36c53f14396de786e0e69f722bb193') in 0.021381 seconds 
========================================================================
Received Import Request.
  Time since last request: 2.827746 seconds.
  path: Assets/Unity Store Downloads/Bed & Bath Furniture Pack/Prefabs/Nightstand.prefab
  artifactKey: Guid(1874d8c95e7e7af438c65a4b807864e6) Importer(815301076,1909f56bfc062723c751e8b465ee728b)
Start importing Assets/Unity Store Downloads/Bed & Bath Furniture Pack/Prefabs/Nightstand.prefab using Guid(1874d8c95e7e7af438c65a4b807864e6) Importer(815301076,1909f56bfc062723c751e8b465ee728b)  -> (artifact id: '3debd1d6f256313154dd3668058c8306') in 0.186581 seconds 
========================================================================
Received Import Request.
  Time since last request: 1.037475 seconds.
  path: Assets/Unity Store Downloads/Bed & Bath Furniture Pack/Prefabs/Sink.prefab
  artifactKey: Guid(b509eecd84d89c147b7e47cd8596a9db) Importer(815301076,1909f56bfc062723c751e8b465ee728b)
Start importing Assets/Unity Store Downloads/Bed & Bath Furniture Pack/Prefabs/Sink.prefab using Guid(b509eecd84d89c147b7e47cd8596a9db) Importer(815301076,1909f56bfc062723c751e8b465ee728b)  -> (artifact id: 'c4879a0f535586ce14e1bd300709026c') in 0.020064 seconds 
========================================================================
Received Prepare
Registering precompiled user dll's ...
Registered in 0.004948 seconds.
Begin MonoManager ReloadAssembly
Symbol file LoadedFromMemory doesn't match image E:\unity\Angry Gophers(JW)\Library\PackageCache\com.unity.visualscripting@1.7.8\Editor\VisualScripting.Core\Dependencies\YamlDotNet\Unity.VisualScripting.YamlDotNet.dll
Symbol file LoadedFromMemory doesn't match image E:\unity\Angry Gophers(JW)\Library\PackageCache\com.unity.visualscripting@1.7.8\Editor\VisualScripting.Core\Dependencies\DotNetZip\Unity.VisualScripting.IonicZip.dll
Native extension for WindowsStandalone target not found
Refreshing native plugins compatible for Editor in 0.73 ms, found 3 plugins.
Preloading 0 native plugins for Editor in 0.00 ms.
Mono: successfully reloaded assembly
- Completed reload, in  1.030 seconds
Domain Reload Profiling:
	ReloadAssembly (1030ms)
		BeginReloadAssembly (203ms)
			ExecutionOrderSort (0ms)
			DisableScriptedObjects (5ms)
			BackupInstance (0ms)
			ReleaseScriptingObjects (0ms)
			CreateAndSetChildDomain (88ms)
		EndReloadAssembly (732ms)
			LoadAssemblies (100ms)
			RebuildTransferFunctionScriptingTraits (0ms)
			SetupTypeCache (255ms)
			ReleaseScriptCaches (2ms)
			RebuildScriptCaches (40ms)
			SetupLoadedEditorAssemblies (318ms)
				LogAssemblyErrors (0ms)
				InitializePlatformSupportModulesInManaged (13ms)
				SetLoadedEditorAssemblies (0ms)
				RefreshPlugins (1ms)
				BeforeProcessingInitializeOnLoad (67ms)
				ProcessInitializeOnLoadAttributes (202ms)
				ProcessInitializeOnLoadMethodAttributes (25ms)
				AfterProcessingInitializeOnLoad (9ms)
				EditorAssembliesLoaded (0ms)
			ExecutionOrderSort2 (0ms)
			AwakeInstancesAfterBackupRestoration (5ms)
Platform modules already initialized, skipping
Refreshing native plugins compatible for Editor in 1.79 ms, found 3 plugins.
Preloading 0 native plugins for Editor in 0.00 ms.
Unloading 3381 Unused Serialized files (Serialized files now loaded: 0)
Unloading 23 unused Assets / (1.1 MB). Loaded Objects now: 3908.
Memory consumption went from 125.9 MB to 124.8 MB.
Total: 5.071400 ms (FindLiveObjects: 0.400700 ms CreateObjectMapping: 0.089300 ms MarkObjects: 3.955600 ms  DeleteObjects: 0.623900 ms)

AssetImportParameters requested are different than current active one (requested -> active):
  custom:video-decoder-ogg-theora: a1e56fd34408186e4bbccfd4996cb3dc -> 
  custom:container-muxer-webm: aa71ff27fc2769a1b78a27578f13a17b -> 
  custom:container-demuxer-webm: 4f35f7cbe854078d1ac9338744f61a02 -> 
  custom:video-encoder-webm-vp8: eb34c28f22e8b96e1ab97ce403110664 -> 
  custom:audio-encoder-webm-vorbis: bf7c407c2cedff20999df2af8eb42d56 -> 
  custom:framework-win-MediaFoundation: 216162199b28c13a410421893ffa2e32 -> 
  custom:container-demuxer-ogg: 62fdf1f143b41e24485cea50d1cbac27 -> 
  custom:video-decoder-webm-vp8: 9c59270c3fd7afecdb556c50c9e8de78 -> 
  custom:audio-decoder-ogg-vorbis: bf7c407c2cedff20999df2af8eb42d56 -> 
========================================================================
Received Prepare
Registering precompiled user dll's ...
Registered in 0.006024 seconds.
Begin MonoManager ReloadAssembly
Symbol file LoadedFromMemory doesn't match image E:\unity\Angry Gophers(JW)\Library\PackageCache\com.unity.visualscripting@1.7.8\Editor\VisualScripting.Core\Dependencies\YamlDotNet\Unity.VisualScripting.YamlDotNet.dll
Symbol file LoadedFromMemory doesn't match image E:\unity\Angry Gophers(JW)\Library\PackageCache\com.unity.visualscripting@1.7.8\Editor\VisualScripting.Core\Dependencies\DotNetZip\Unity.VisualScripting.IonicZip.dll
Native extension for WindowsStandalone target not found
Refreshing native plugins compatible for Editor in 0.74 ms, found 3 plugins.
Preloading 0 native plugins for Editor in 0.00 ms.
Mono: successfully reloaded assembly
- Completed reload, in  0.905 seconds
Domain Reload Profiling:
	ReloadAssembly (906ms)
		BeginReloadAssembly (125ms)
			ExecutionOrderSort (0ms)
			DisableScriptedObjects (5ms)
			BackupInstance (0ms)
			ReleaseScriptingObjects (0ms)
			CreateAndSetChildDomain (33ms)
		EndReloadAssembly (683ms)
			LoadAssemblies (89ms)
			RebuildTransferFunctionScriptingTraits (0ms)
			SetupTypeCache (233ms)
			ReleaseScriptCaches (1ms)
			RebuildScriptCaches (41ms)
			SetupLoadedEditorAssemblies (290ms)
				LogAssemblyErrors (0ms)
				InitializePlatformSupportModulesInManaged (12ms)
				SetLoadedEditorAssemblies (0ms)
				RefreshPlugins (1ms)
				BeforeProcessingInitializeOnLoad (63ms)
				ProcessInitializeOnLoadAttributes (179ms)
				ProcessInitializeOnLoadMethodAttributes (23ms)
				AfterProcessingInitializeOnLoad (10ms)
				EditorAssembliesLoaded (0ms)
			ExecutionOrderSort2 (0ms)
			AwakeInstancesAfterBackupRestoration (5ms)
Platform modules already initialized, skipping
Refreshing native plugins compatible for Editor in 1.77 ms, found 3 plugins.
Preloading 0 native plugins for Editor in 0.00 ms.
Unloading 3379 Unused Serialized files (Serialized files now loaded: 0)
Unloading 23 unused Assets / (1.1 MB). Loaded Objects now: 3911.
Memory consumption went from 125.7 MB to 124.6 MB.
Total: 3.594800 ms (FindLiveObjects: 0.321500 ms CreateObjectMapping: 0.087000 ms MarkObjects: 2.634500 ms  DeleteObjects: 0.550800 ms)

AssetImportParameters requested are different than current active one (requested -> active):
  custom:video-decoder-ogg-theora: a1e56fd34408186e4bbccfd4996cb3dc -> 
  custom:container-muxer-webm: aa71ff27fc2769a1b78a27578f13a17b -> 
  custom:container-demuxer-webm: 4f35f7cbe854078d1ac9338744f61a02 -> 
  custom:video-encoder-webm-vp8: eb34c28f22e8b96e1ab97ce403110664 -> 
  custom:audio-encoder-webm-vorbis: bf7c407c2cedff20999df2af8eb42d56 -> 
  custom:framework-win-MediaFoundation: 216162199b28c13a410421893ffa2e32 -> 
  custom:container-demuxer-ogg: 62fdf1f143b41e24485cea50d1cbac27 -> 
  custom:video-decoder-webm-vp8: 9c59270c3fd7afecdb556c50c9e8de78 -> 
  custom:audio-decoder-ogg-vorbis: bf7c407c2cedff20999df2af8eb42d56 -> 
========================================================================
Received Import Request.
  Time since last request: 1158.722205 seconds.
  path: Assets/Unity Store Downloads/3DTOYS/PREFABS
  artifactKey: Guid(1dc5aee341d73c841b4405f6c4333bbf) Importer(815301076,1909f56bfc062723c751e8b465ee728b)
Start importing Assets/Unity Store Downloads/3DTOYS/PREFABS using Guid(1dc5aee341d73c841b4405f6c4333bbf) Importer(815301076,1909f56bfc062723c751e8b465ee728b)  -> (artifact id: '334e6f0f30e2f67ff40c8f241ecf18b4') in 0.012860 seconds 
========================================================================
Received Import Request.
  Time since last request: 404.064283 seconds.
  path: Assets/Unity Store Downloads/3DTOYS/PREFABS/PIG.prefab
  artifactKey: Guid(0f1a91f0bb3d8d3429a91e85f923157c) Importer(815301076,1909f56bfc062723c751e8b465ee728b)
Start importing Assets/Unity Store Downloads/3DTOYS/PREFABS/PIG.prefab using Guid(0f1a91f0bb3d8d3429a91e85f923157c) Importer(815301076,1909f56bfc062723c751e8b465ee728b)  -> (artifact id: 'abb789cd168ed852d9a54f70ee14b648') in 0.227897 seconds 
========================================================================
Received Import Request.
  Time since last request: 240.769347 seconds.
  path: Assets/Unity Store Downloads/ChatteringTeeth/Chattering_Teeth_Normal_512.tga
  artifactKey: Guid(a1b253746995d5648b83312fd9b87b58) Importer(815301076,1909f56bfc062723c751e8b465ee728b)
Start importing Assets/Unity Store Downloads/ChatteringTeeth/Chattering_Teeth_Normal_512.tga using Guid(a1b253746995d5648b83312fd9b87b58) Importer(815301076,1909f56bfc062723c751e8b465ee728b)  -> (artifact id: 'ad5673b10ee6c1f22062e96c52a83949') in 0.040561 seconds 
========================================================================
Received Import Request.
  Time since last request: 1.470172 seconds.
  path: Assets/Unity Store Downloads/ChatteringTeeth/ChatteringTeeth_Diffuse_512.tga
  artifactKey: Guid(d98af421eaf875b419c24f0985e86703) Importer(815301076,1909f56bfc062723c751e8b465ee728b)
Start importing Assets/Unity Store Downloads/ChatteringTeeth/ChatteringTeeth_Diffuse_512.tga using Guid(d98af421eaf875b419c24f0985e86703) Importer(815301076,1909f56bfc062723c751e8b465ee728b)  -> (artifact id: '0dc44b1196f652efa65df139bbf96a07') in 0.013748 seconds 
========================================================================
Received Import Request.
  Time since last request: 2.145601 seconds.
  path: Assets/Unity Store Downloads/ChatteringTeeth/ChatteringTeeth_LOD0.FBX
  artifactKey: Guid(fd231033132ddb14ca04d5f749be4372) Importer(815301076,1909f56bfc062723c751e8b465ee728b)
Start importing Assets/Unity Store Downloads/ChatteringTeeth/ChatteringTeeth_LOD0.FBX using Guid(fd231033132ddb14ca04d5f749be4372) Importer(815301076,1909f56bfc062723c751e8b465ee728b)  -> (artifact id: '7b4dd8ac4817bb223472b850cb8d7156') in 0.126356 seconds 
========================================================================
Received Import Request.
  Time since last request: 1.285395 seconds.
  path: Assets/Unity Store Downloads/ChatteringTeeth/ChatteringTeeth_LOD1.FBX
  artifactKey: Guid(be87b2d1c2f6f6246b635591da297996) Importer(815301076,1909f56bfc062723c751e8b465ee728b)
Start importing Assets/Unity Store Downloads/ChatteringTeeth/ChatteringTeeth_LOD1.FBX using Guid(be87b2d1c2f6f6246b635591da297996) Importer(815301076,1909f56bfc062723c751e8b465ee728b)  -> (artifact id: '1cf9fe74a2ab5459a1d88feb1031ff3e') in 0.020365 seconds 
========================================================================
Received Import Request.
  Time since last request: 4.946403 seconds.
  path: Assets/Unity Store Downloads/ChatteringTeeth/Materials
  artifactKey: Guid(f4d27bb5a553cc246a35f12cd48a9fa3) Importer(815301076,1909f56bfc062723c751e8b465ee728b)
Start importing Assets/Unity Store Downloads/ChatteringTeeth/Materials using Guid(f4d27bb5a553cc246a35f12cd48a9fa3) Importer(815301076,1909f56bfc062723c751e8b465ee728b)  -> (artifact id: '85cbb86f5b723268f75eafd63c90e45c') in 0.005614 seconds 
========================================================================
Received Import Request.
  Time since last request: 0.793867 seconds.
  path: Assets/Unity Store Downloads/ChatteringTeeth/Texture
  artifactKey: Guid(75355591b55e60a419f8a7d06902f3f3) Importer(815301076,1909f56bfc062723c751e8b465ee728b)
Start importing Assets/Unity Store Downloads/ChatteringTeeth/Texture using Guid(75355591b55e60a419f8a7d06902f3f3) Importer(815301076,1909f56bfc062723c751e8b465ee728b)  -> (artifact id: '3c001c0be87cad51605bdaa58296cbcd') in 0.005737 seconds 
========================================================================
Received Import Request.
  Time since last request: 291.503104 seconds.
  path: Assets/Unity Store Downloads/Snowconesolid Assets/Super Rubber Duck Pack
  artifactKey: Guid(88f17f61a6fad644d830119151f9ce1c) Importer(815301076,1909f56bfc062723c751e8b465ee728b)
Start importing Assets/Unity Store Downloads/Snowconesolid Assets/Super Rubber Duck Pack using Guid(88f17f61a6fad644d830119151f9ce1c) Importer(815301076,1909f56bfc062723c751e8b465ee728b)  -> (artifact id: '91a05bac2edcf33bd5a98c783718f68d') in 0.005567 seconds 
========================================================================
Received Import Request.
  Time since last request: 3.438528 seconds.
  path: Assets/Unity Store Downloads/Snowconesolid Assets/Super Rubber Duck Pack/Rubber Duck PREFABS
  artifactKey: Guid(a57b7d7959723a6478fe956842da6339) Importer(815301076,1909f56bfc062723c751e8b465ee728b)
Start importing Assets/Unity Store Downloads/Snowconesolid Assets/Super Rubber Duck Pack/Rubber Duck PREFABS using Guid(a57b7d7959723a6478fe956842da6339) Importer(815301076,1909f56bfc062723c751e8b465ee728b)  -> (artifact id: '19da6c3fc92bd3a623faa6263fbaa6bb') in 0.005414 seconds 
========================================================================
Received Import Request.
  Time since last request: 907.724210 seconds.
  path: Assets/Unity Store Downloads/Bed & Bath Furniture Pack/Materials/Bathtub.mat
  artifactKey: Guid(fb4a7718ec59d14428d8779a41869c43) Importer(815301076,1909f56bfc062723c751e8b465ee728b)
Start importing Assets/Unity Store Downloads/Bed & Bath Furniture Pack/Materials/Bathtub.mat using Guid(fb4a7718ec59d14428d8779a41869c43) Importer(815301076,1909f56bfc062723c751e8b465ee728b)  -> (artifact id: '7b5851d22950b44f2a35efee4ef3f78e') in 0.070153 seconds 
========================================================================
Received Import Request.
  Time since last request: 0.000029 seconds.
  path: Assets/Unity Store Downloads/ChatteringTeeth/Materials/ChatteringTeeth_Diffuse.mat
  artifactKey: Guid(c497c9625abf56948a8784da752cd67b) Importer(815301076,1909f56bfc062723c751e8b465ee728b)
Start importing Assets/Unity Store Downloads/ChatteringTeeth/Materials/ChatteringTeeth_Diffuse.mat using Guid(c497c9625abf56948a8784da752cd67b) Importer(815301076,1909f56bfc062723c751e8b465ee728b)  -> (artifact id: 'f89994822717cb9f7fb267f92bad7c25') in 0.016998 seconds 
========================================================================
Received Import Request.
  Time since last request: 0.000031 seconds.
  path: Assets/Unity Store Downloads/Bed & Bath Furniture Pack/Models/Toilet.obj
  artifactKey: Guid(8bd6a48ca017e7d40a7c8d328eb5e327) Importer(815301076,1909f56bfc062723c751e8b465ee728b)
Start importing Assets/Unity Store Downloads/Bed & Bath Furniture Pack/Models/Toilet.obj using Guid(8bd6a48ca017e7d40a7c8d328eb5e327) Importer(815301076,1909f56bfc062723c751e8b465ee728b)  -> (artifact id: '9224f94755907a0449d21d544709e99c') in 0.041067 seconds 
========================================================================
Received Import Request.
  Time since last request: 0.000033 seconds.
  path: Assets/Unity Store Downloads/3DTOYS/floormat.mat
  artifactKey: Guid(e74f0dce22cad484b8684c134647c030) Importer(815301076,1909f56bfc062723c751e8b465ee728b)
Start importing Assets/Unity Store Downloads/3DTOYS/floormat.mat using Guid(e74f0dce22cad484b8684c134647c030) Importer(815301076,1909f56bfc062723c751e8b465ee728b)  -> (artifact id: '8ed5115fe7b0b8b3a312f0bb83c60df8') in 0.015419 seconds 
========================================================================
Received Import Request.
  Time since last request: 0.000034 seconds.
  path: Assets/Unity Store Downloads/Bed & Bath Furniture Pack/Materials/Nightstand Drawers.mat
  artifactKey: Guid(203196af9c28d4c4fac822ea4ad13fb1) Importer(815301076,1909f56bfc062723c751e8b465ee728b)
Start importing Assets/Unity Store Downloads/Bed & Bath Furniture Pack/Materials/Nightstand Drawers.mat using Guid(203196af9c28d4c4fac822ea4ad13fb1) Importer(815301076,1909f56bfc062723c751e8b465ee728b)  -> (artifact id: 'e01370d8a8550b42fc8bbf0a8ca3b43a') in 0.023264 seconds 
========================================================================
Received Import Request.
  Time since last request: 0.000025 seconds.
  path: Assets/Unity Store Downloads/Bed & Bath Furniture Pack/Models/Nightstand.obj
  artifactKey: Guid(077f3a1b797557c4daf66283203818fb) Importer(815301076,1909f56bfc062723c751e8b465ee728b)
Start importing Assets/Unity Store Downloads/Bed & Bath Furniture Pack/Models/Nightstand.obj using Guid(077f3a1b797557c4daf66283203818fb) Importer(815301076,1909f56bfc062723c751e8b465ee728b)  -> (artifact id: '17685bf3a5460d850bab08380410bbfa') in 0.084105 seconds 
========================================================================
Received Import Request.
  Time since last request: 0.000022 seconds.
  path: Assets/Unity Store Downloads/Bed & Bath Furniture Pack/Materials/Sink.mat
  artifactKey: Guid(8dfbb535d399e334a82c6ba9c04fd088) Importer(815301076,1909f56bfc062723c751e8b465ee728b)
Start importing Assets/Unity Store Downloads/Bed & Bath Furniture Pack/Materials/Sink.mat using Guid(8dfbb535d399e334a82c6ba9c04fd088) Importer(815301076,1909f56bfc062723c751e8b465ee728b)  -> (artifact id: '8011cde10311e739bd8c8b2ebb8a9a7c') in 0.020765 seconds 
========================================================================
Received Import Request.
  Time since last request: 0.000023 seconds.
  path: Assets/Unity Store Downloads/Bed & Bath Furniture Pack/Materials/Lamp.mat
  artifactKey: Guid(726dfc65340b62e4f8b5aae8e1684d0b) Importer(815301076,1909f56bfc062723c751e8b465ee728b)
Start importing Assets/Unity Store Downloads/Bed & Bath Furniture Pack/Materials/Lamp.mat using Guid(726dfc65340b62e4f8b5aae8e1684d0b) Importer(815301076,1909f56bfc062723c751e8b465ee728b)  -> (artifact id: '08c18c895306b5a992d054732d1d0a48') in 0.029532 seconds 
========================================================================
Received Import Request.
  Time since last request: 0.000034 seconds.
  path: Assets/Unity Store Downloads/Bed & Bath Furniture Pack/Models/Lamp.obj
  artifactKey: Guid(b1cfc5fe96136da46b60ba35c36b0fd1) Importer(815301076,1909f56bfc062723c751e8b465ee728b)
Start importing Assets/Unity Store Downloads/Bed & Bath Furniture Pack/Models/Lamp.obj using Guid(b1cfc5fe96136da46b60ba35c36b0fd1) Importer(815301076,1909f56bfc062723c751e8b465ee728b)  -> (artifact id: 'bb08dcc5be41bc1198ba8c638fd3923f') in 0.036706 seconds 
========================================================================
Received Import Request.
  Time since last request: 0.000031 seconds.
  path: Assets/Unity Store Downloads/3DTOYS/3dmodels/M_sheep.mat
  artifactKey: Guid(12b798bd40a4ab9418ddb6a1a33b4fa1) Importer(815301076,1909f56bfc062723c751e8b465ee728b)
Start importing Assets/Unity Store Downloads/3DTOYS/3dmodels/M_sheep.mat using Guid(12b798bd40a4ab9418ddb6a1a33b4fa1) Importer(815301076,1909f56bfc062723c751e8b465ee728b)  -> (artifact id: '3082456aef771631cfb66d24bd19d2d7') in 0.018274 seconds 
========================================================================
Received Import Request.
  Time since last request: 0.000037 seconds.
  path: Assets/Unity Store Downloads/3DTOYS/3dmodels/M_rabbit.mat
  artifactKey: Guid(44c9d6ce33915414ab023dbda2897359) Importer(815301076,1909f56bfc062723c751e8b465ee728b)
Start importing Assets/Unity Store Downloads/3DTOYS/3dmodels/M_rabbit.mat using Guid(44c9d6ce33915414ab023dbda2897359) Importer(815301076,1909f56bfc062723c751e8b465ee728b)  -> (artifact id: '1a8575c83777b5373caa164914d17ccf') in 0.020539 seconds 
========================================================================
Received Import Request.
  Time since last request: 0.000033 seconds.
  path: Assets/Unity Store Downloads/3DTOYS/3dmodels/M_monkey.mat
  artifactKey: Guid(5b809c90501a74a468a795707b2fd138) Importer(815301076,1909f56bfc062723c751e8b465ee728b)
Start importing Assets/Unity Store Downloads/3DTOYS/3dmodels/M_monkey.mat using Guid(5b809c90501a74a468a795707b2fd138) Importer(815301076,1909f56bfc062723c751e8b465ee728b)  -> (artifact id: 'd0978e2c8fb82b88fdfed5725da79df9') in 0.022129 seconds 
========================================================================
Received Import Request.
  Time since last request: 0.000025 seconds.
  path: Assets/Unity Store Downloads/3DTOYS/3dmodels/toypig.fbx
  artifactKey: Guid(278210d3246b9ce4bb1eabb1072ef246) Importer(815301076,1909f56bfc062723c751e8b465ee728b)
Start importing Assets/Unity Store Downloads/3DTOYS/3dmodels/toypig.fbx using Guid(278210d3246b9ce4bb1eabb1072ef246) Importer(815301076,1909f56bfc062723c751e8b465ee728b)  -> (artifact id: '8815a9eebdf176277dea538ce5a324ba') in 0.031502 seconds 
========================================================================
Received Import Request.
  Time since last request: 0.000018 seconds.
  path: Assets/Unity Store Downloads/Snowconesolid Assets/Super Rubber Duck Pack/Materials/Material_RubberDuck_Mobile.mat
  artifactKey: Guid(ed6765f2adb20ad44ae4a2f49985cf73) Importer(815301076,1909f56bfc062723c751e8b465ee728b)
Start importing Assets/Unity Store Downloads/Snowconesolid Assets/Super Rubber Duck Pack/Materials/Material_RubberDuck_Mobile.mat using Guid(ed6765f2adb20ad44ae4a2f49985cf73) Importer(815301076,1909f56bfc062723c751e8b465ee728b)  -> (artifact id: '6233742aa37fc09f5d27b6aef8eeba71') in 0.107282 seconds 
========================================================================
Received Import Request.
  Time since last request: 0.000020 seconds.
  path: Assets/Unity Store Downloads/Bed & Bath Furniture Pack/Materials/Footstool.mat
  artifactKey: Guid(a7c68bb28bfd8574f81a1ab34b646eaf) Importer(815301076,1909f56bfc062723c751e8b465ee728b)
Start importing Assets/Unity Store Downloads/Bed & Bath Furniture Pack/Materials/Footstool.mat using Guid(a7c68bb28bfd8574f81a1ab34b646eaf) Importer(815301076,1909f56bfc062723c751e8b465ee728b)  -> (artifact id: '2b32db01fbf6ba1c3c9b418160021cb9') in 0.018781 seconds 
========================================================================
Received Import Request.
  Time since last request: 0.000026 seconds.
  path: Assets/Unity Store Downloads/3DTOYS/3dmodels/M_pig.mat
  artifactKey: Guid(5ec186dd7571f6249946c598c5f10a03) Importer(815301076,1909f56bfc062723c751e8b465ee728b)
Start importing Assets/Unity Store Downloads/3DTOYS/3dmodels/M_pig.mat using Guid(5ec186dd7571f6249946c598c5f10a03) Importer(815301076,1909f56bfc062723c751e8b465ee728b)  -> (artifact id: '18c02cfef32120660d69b67ed2fe4a2f') in 0.015465 seconds 
========================================================================
Received Import Request.
  Time since last request: 0.000019 seconds.
  path: Assets/Unity Store Downloads/3DTOYS/3dmodels/toybear.fbx
  artifactKey: Guid(7b41ce0cf4881e942b22b126c24cac74) Importer(815301076,1909f56bfc062723c751e8b465ee728b)
Start importing Assets/Unity Store Downloads/3DTOYS/3dmodels/toybear.fbx using Guid(7b41ce0cf4881e942b22b126c24cac74) Importer(815301076,1909f56bfc062723c751e8b465ee728b)  -> (artifact id: '7177359234bb29ffd1d66ae746646d77') in 0.022622 seconds 
========================================================================
Received Import Request.
  Time since last request: 0.000023 seconds.
  path: Assets/Unity Store Downloads/3DTOYS/3dmodels/toybunny.fbx
  artifactKey: Guid(7a7eaef2c03fe2a4497f4122ae85ee43) Importer(815301076,1909f56bfc062723c751e8b465ee728b)
Start importing Assets/Unity Store Downloads/3DTOYS/3dmodels/toybunny.fbx using Guid(7a7eaef2c03fe2a4497f4122ae85ee43) Importer(815301076,1909f56bfc062723c751e8b465ee728b)  -> (artifact id: 'd2d793df65472bf9dfd711d9d95cb95f') in 0.023860 seconds 
========================================================================
Received Import Request.
  Time since last request: 0.000017 seconds.
  path: Assets/Unity Store Downloads/Snowconesolid Assets/Super Rubber Duck Pack/Mesh/Materials/No Name.mat
  artifactKey: Guid(1855c0cbe396e424285af73ba785b6df) Importer(815301076,1909f56bfc062723c751e8b465ee728b)
Start importing Assets/Unity Store Downloads/Snowconesolid Assets/Super Rubber Duck Pack/Mesh/Materials/No Name.mat using Guid(1855c0cbe396e424285af73ba785b6df) Importer(815301076,1909f56bfc062723c751e8b465ee728b)  -> (artifact id: 'a336478d6b6ff9053512454682772504') in 0.011788 seconds 
========================================================================
Received Import Request.
  Time since last request: 0.000022 seconds.
  path: Assets/Unity Store Downloads/3DTOYS/3dmodels/M_bear.mat
  artifactKey: Guid(f2b33c356d09d0e47b2432b94e9f4e5d) Importer(815301076,1909f56bfc062723c751e8b465ee728b)
Start importing Assets/Unity Store Downloads/3DTOYS/3dmodels/M_bear.mat using Guid(f2b33c356d09d0e47b2432b94e9f4e5d) Importer(815301076,1909f56bfc062723c751e8b465ee728b)  -> (artifact id: '4642ac9ec6b6e47c3409b7f198d70b1e') in 0.015767 seconds 
========================================================================
Received Import Request.
  Time since last request: 0.000026 seconds.
  path: Assets/Unity Store Downloads/3DTOYS/3dmodels/toypenguin.fbx
  artifactKey: Guid(0f9e8df778f2ada49984c6bf939305e8) Importer(815301076,1909f56bfc062723c751e8b465ee728b)
Start importing Assets/Unity Store Downloads/3DTOYS/3dmodels/toypenguin.fbx using Guid(0f9e8df778f2ada49984c6bf939305e8) Importer(815301076,1909f56bfc062723c751e8b465ee728b)  -> (artifact id: '473fc16b48fc88332f94e236ac61579e') in 0.022587 seconds 
========================================================================
Received Import Request.
  Time since last request: 0.000027 seconds.
  path: Assets/Unity Store Downloads/3DTOYS/3dmodels/toymonkey.fbx
  artifactKey: Guid(1d2364a646d7c894b95d83a0d56e80d5) Importer(815301076,1909f56bfc062723c751e8b465ee728b)
Start importing Assets/Unity Store Downloads/3DTOYS/3dmodels/toymonkey.fbx using Guid(1d2364a646d7c894b95d83a0d56e80d5) Importer(815301076,1909f56bfc062723c751e8b465ee728b)  -> (artifact id: '04d7ac37d0dd0804725e31ab772257c1') in 0.025495 seconds 
========================================================================
Received Import Request.
  Time since last request: 0.000016 seconds.
  path: Assets/Unity Store Downloads/Bed & Bath Furniture Pack/Models/Dresser.obj
  artifactKey: Guid(e220328c34bca0348a4ada832cf83493) Importer(815301076,1909f56bfc062723c751e8b465ee728b)
Start importing Assets/Unity Store Downloads/Bed & Bath Furniture Pack/Models/Dresser.obj using Guid(e220328c34bca0348a4ada832cf83493) Importer(815301076,1909f56bfc062723c751e8b465ee728b)  -> (artifact id: 'd3f1317452489f705c3aa2361aab5c9e') in 0.094497 seconds 
========================================================================
Received Import Request.
  Time since last request: 0.000023 seconds.
  path: Assets/Unity Store Downloads/Bed & Bath Furniture Pack/Materials/Toilet.mat
  artifactKey: Guid(ef85546b32ef05041b0fe3d5c1551a6e) Importer(815301076,1909f56bfc062723c751e8b465ee728b)
Start importing Assets/Unity Store Downloads/Bed & Bath Furniture Pack/Materials/Toilet.mat using Guid(ef85546b32ef05041b0fe3d5c1551a6e) Importer(815301076,1909f56bfc062723c751e8b465ee728b)  -> (artifact id: '565e70d50e10ded32bba8e55e1ba452f') in 0.017556 seconds 
========================================================================
Received Import Request.
  Time since last request: 0.000028 seconds.
  path: Assets/Unity Store Downloads/Bed & Bath Furniture Pack/Materials/Frame.mat
  artifactKey: Guid(98499b7b53755e34c83b530a9834dd15) Importer(815301076,1909f56bfc062723c751e8b465ee728b)
Start importing Assets/Unity Store Downloads/Bed & Bath Furniture Pack/Materials/Frame.mat using Guid(98499b7b53755e34c83b530a9834dd15) Importer(815301076,1909f56bfc062723c751e8b465ee728b)  -> (artifact id: 'c0a62b52083324fd70639fec9c28fdab') in 0.020964 seconds 
========================================================================
Received Import Request.
  Time since last request: 0.000021 seconds.
  path: Assets/Unity Store Downloads/Bed & Bath Furniture Pack/Materials/Dresser Drawers.mat
  artifactKey: Guid(446d649419093714c90cd8a2cc402349) Importer(815301076,1909f56bfc062723c751e8b465ee728b)
Start importing Assets/Unity Store Downloads/Bed & Bath Furniture Pack/Materials/Dresser Drawers.mat using Guid(446d649419093714c90cd8a2cc402349) Importer(815301076,1909f56bfc062723c751e8b465ee728b)  -> (artifact id: 'f57680c079891fa183a9826610424bda') in 0.014727 seconds 
========================================================================
Received Import Request.
  Time since last request: 0.000022 seconds.
  path: Assets/Unity Store Downloads/Bed & Bath Furniture Pack/Models/Sink.obj
  artifactKey: Guid(f399b5092c1723f4aadcd2ee690631ca) Importer(815301076,1909f56bfc062723c751e8b465ee728b)
Start importing Assets/Unity Store Downloads/Bed & Bath Furniture Pack/Models/Sink.obj using Guid(f399b5092c1723f4aadcd2ee690631ca) Importer(815301076,1909f56bfc062723c751e8b465ee728b)  -> (artifact id: '0a720365e57adb450977e7a79134b0a8') in 0.028710 seconds 
========================================================================
Received Import Request.
  Time since last request: 0.888941 seconds.
  path: Assets/Unity Store Downloads/Bed & Bath Furniture Pack/Prefabs/Bathtub.prefab
  artifactKey: Guid(513ffd4a10c9298428542f3a6157c8cd) Importer(815301076,1909f56bfc062723c751e8b465ee728b)
Start importing Assets/Unity Store Downloads/Bed & Bath Furniture Pack/Prefabs/Bathtub.prefab using Guid(513ffd4a10c9298428542f3a6157c8cd) Importer(815301076,1909f56bfc062723c751e8b465ee728b)  -> (artifact id: '00f4b83ea589f64ea6deea8c2fc6a557') in 0.018905 seconds 
========================================================================
Received Import Request.
  Time since last request: 0.000019 seconds.
  path: Assets/Unity Store Downloads/Snowconesolid Assets/Super Rubber Duck Pack/Rubber Duck PREFABS/RubberDuck_Red.prefab
  artifactKey: Guid(436d19b1cddfdff4b99270daeaec55d7) Importer(815301076,1909f56bfc062723c751e8b465ee728b)
Start importing Assets/Unity Store Downloads/Snowconesolid Assets/Super Rubber Duck Pack/Rubber Duck PREFABS/RubberDuck_Red.prefab using Guid(436d19b1cddfdff4b99270daeaec55d7) Importer(815301076,1909f56bfc062723c751e8b465ee728b)  -> (artifact id: '3fa553611019754eb50b784c56a64f7c') in 0.207411 seconds 
========================================================================
Received Import Request.
  Time since last request: 0.000029 seconds.
  path: Assets/Unity Store Downloads/Snowconesolid Assets/Super Rubber Duck Pack/Rubber Duck PREFABS (Mobile)/RubberDuck_White_MOBILE.prefab
  artifactKey: Guid(bfdf3dabf454006488fdee32f58e8f95) Importer(815301076,1909f56bfc062723c751e8b465ee728b)
Start importing Assets/Unity Store Downloads/Snowconesolid Assets/Super Rubber Duck Pack/Rubber Duck PREFABS (Mobile)/RubberDuck_White_MOBILE.prefab using Guid(bfdf3dabf454006488fdee32f58e8f95) Importer(815301076,1909f56bfc062723c751e8b465ee728b)  -> (artifact id: 'f814ed62d43d43b6342f895bb8375b97') in 0.013658 seconds 
========================================================================
Received Import Request.
  Time since last request: 0.000028 seconds.
  path: Assets/Unity Store Downloads/Snowconesolid Assets/Super Rubber Duck Pack/Rubber Duck PREFABS/RubberDuck_LightPurple.prefab
  artifactKey: Guid(3201cb2c501acd849a7aaf3c87382969) Importer(815301076,1909f56bfc062723c751e8b465ee728b)
Start importing Assets/Unity Store Downloads/Snowconesolid Assets/Super Rubber Duck Pack/Rubber Duck PREFABS/RubberDuck_LightPurple.prefab using Guid(3201cb2c501acd849a7aaf3c87382969) Importer(815301076,1909f56bfc062723c751e8b465ee728b)  -> (artifact id: '87c04730fad5add31df7096080fadb56') in 0.013983 seconds 
========================================================================
Received Import Request.
  Time since last request: 0.000020 seconds.
  path: Assets/Unity Store Downloads/3DTOYS/PREFABS/PENGUIN.prefab
  artifactKey: Guid(da4ad2310c6a3a44e8c6b74c731ffbc7) Importer(815301076,1909f56bfc062723c751e8b465ee728b)
Start importing Assets/Unity Store Downloads/3DTOYS/PREFABS/PENGUIN.prefab using Guid(da4ad2310c6a3a44e8c6b74c731ffbc7) Importer(815301076,1909f56bfc062723c751e8b465ee728b)  -> (artifact id: '546839a4e2c20e2c6d7853fd92d3466d') in 0.013733 seconds 
========================================================================
Received Import Request.
  Time since last request: 0.000023 seconds.
  path: Assets/Unity Store Downloads/Snowconesolid Assets/Super Rubber Duck Pack/Rubber Duck PREFABS/RubberDuck_Blue.prefab
  artifactKey: Guid(053e2f3246f04c145a79bb33e7e60b8f) Importer(815301076,1909f56bfc062723c751e8b465ee728b)
Start importing Assets/Unity Store Downloads/Snowconesolid Assets/Super Rubber Duck Pack/Rubber Duck PREFABS/RubberDuck_Blue.prefab using Guid(053e2f3246f04c145a79bb33e7e60b8f) Importer(815301076,1909f56bfc062723c751e8b465ee728b)  -> (artifact id: '31c35070de2fc453efe04cd2c3605693') in 0.013491 seconds 
========================================================================
Received Import Request.
  Time since last request: 0.000023 seconds.
  path: Assets/Unity Store Downloads/3DTOYS/PREFABS/SHEEP.prefab
  artifactKey: Guid(4941dfa9146ec4247801bfca23379626) Importer(815301076,1909f56bfc062723c751e8b465ee728b)
Start importing Assets/Unity Store Downloads/3DTOYS/PREFABS/SHEEP.prefab using Guid(4941dfa9146ec4247801bfca23379626) Importer(815301076,1909f56bfc062723c751e8b465ee728b)  -> (artifact id: 'fb1cf41ce81cc24de973eb18986adfd7') in 0.017165 seconds 
========================================================================
Received Import Request.
  Time since last request: 0.000024 seconds.
  path: Assets/Unity Store Downloads/Snowconesolid Assets/Super Rubber Duck Pack/Rubber Duck PREFABS (Mobile)/RubberDuck_Purple_MOBILE.prefab
  artifactKey: Guid(10f15a2a50ae19a488f263aa94b69c17) Importer(815301076,1909f56bfc062723c751e8b465ee728b)
Start importing Assets/Unity Store Downloads/Snowconesolid Assets/Super Rubber Duck Pack/Rubber Duck PREFABS (Mobile)/RubberDuck_Purple_MOBILE.prefab using Guid(10f15a2a50ae19a488f263aa94b69c17) Importer(815301076,1909f56bfc062723c751e8b465ee728b)  -> (artifact id: '0ca3a1d328ab588110c7db782c0ad032') in 0.012341 seconds 
========================================================================
Received Import Request.
  Time since last request: 0.000017 seconds.
  path: Assets/Unity Store Downloads/Snowconesolid Assets/Super Rubber Duck Pack/Rubber Duck PREFABS (Mobile)/RubberDuck_Black_MOBILE.prefab
  artifactKey: Guid(efd1bfaf561eb024eb04cca4386b28b7) Importer(815301076,1909f56bfc062723c751e8b465ee728b)
Start importing Assets/Unity Store Downloads/Snowconesolid Assets/Super Rubber Duck Pack/Rubber Duck PREFABS (Mobile)/RubberDuck_Black_MOBILE.prefab using Guid(efd1bfaf561eb024eb04cca4386b28b7) Importer(815301076,1909f56bfc062723c751e8b465ee728b)  -> (artifact id: '071758965195b59fa35082ce1e3b9b69') in 0.012665 seconds 
========================================================================
Received Import Request.
  Time since last request: 0.000020 seconds.
  path: Assets/Unity Store Downloads/Snowconesolid Assets/Super Rubber Duck Pack/Rubber Duck PREFABS/RubberDuck_Pond.prefab
  artifactKey: Guid(9231c8940c2a1234c82caa472d4d08e2) Importer(815301076,1909f56bfc062723c751e8b465ee728b)
Start importing Assets/Unity Store Downloads/Snowconesolid Assets/Super Rubber Duck Pack/Rubber Duck PREFABS/RubberDuck_Pond.prefab using Guid(9231c8940c2a1234c82caa472d4d08e2) Importer(815301076,1909f56bfc062723c751e8b465ee728b)  -> (artifact id: '36edc9f286741984e983e02bd46fc30d') in 0.013844 seconds 
========================================================================
Received Import Request.
  Time since last request: 0.000024 seconds.
  path: Assets/Unity Store Downloads/Snowconesolid Assets/Super Rubber Duck Pack/Rubber Duck PREFABS (Mobile)/RubberDuck_Red_MOBILE.prefab
  artifactKey: Guid(80e076b1af0088b4e83341bae6df0cb5) Importer(815301076,1909f56bfc062723c751e8b465ee728b)
Start importing Assets/Unity Store Downloads/Snowconesolid Assets/Super Rubber Duck Pack/Rubber Duck PREFABS (Mobile)/RubberDuck_Red_MOBILE.prefab using Guid(80e076b1af0088b4e83341bae6df0cb5) Importer(815301076,1909f56bfc062723c751e8b465ee728b)  -> (artifact id: '2b05ce7cfd97ad206de2d2ba407aa943') in 0.014536 seconds 
========================================================================
Received Import Request.
  Time since last request: 0.000026 seconds.
  path: Assets/Unity Store Downloads/Snowconesolid Assets/Super Rubber Duck Pack/Rubber Duck PREFABS/RubberDuck_Yellow.prefab
  artifactKey: Guid(47eccfdaaa8490246bb90d54bab6ccbd) Importer(815301076,1909f56bfc062723c751e8b465ee728b)
Start importing Assets/Unity Store Downloads/Snowconesolid Assets/Super Rubber Duck Pack/Rubber Duck PREFABS/RubberDuck_Yellow.prefab using Guid(47eccfdaaa8490246bb90d54bab6ccbd) Importer(815301076,1909f56bfc062723c751e8b465ee728b)  -> (artifact id: '5bdb9c23f2f4cba6050c578e154e0091') in 0.015031 seconds 
========================================================================
Received Import Request.
  Time since last request: 0.000024 seconds.
  path: Assets/Unity Store Downloads/Snowconesolid Assets/Super Rubber Duck Pack/Rubber Duck PREFABS (Mobile)/RubberDuck_GreenNeon_MOBILE.prefab
  artifactKey: Guid(da7d22f70c1f8c04187eacb467315d9d) Importer(815301076,1909f56bfc062723c751e8b465ee728b)
Start importing Assets/Unity Store Downloads/Snowconesolid Assets/Super Rubber Duck Pack/Rubber Duck PREFABS (Mobile)/RubberDuck_GreenNeon_MOBILE.prefab using Guid(da7d22f70c1f8c04187eacb467315d9d) Importer(815301076,1909f56bfc062723c751e8b465ee728b)  -> (artifact id: '6c99ecc879e33df50af4004a1fa36bd1') in 0.013775 seconds 
========================================================================
Received Import Request.
  Time since last request: 0.000027 seconds.
  path: Assets/Unity Store Downloads/Snowconesolid Assets/Super Rubber Duck Pack/Rubber Duck PREFABS (Mobile)/RubberDuck_Yellow_MOBILE.prefab
  artifactKey: Guid(325beb5088b92ec4786c0a2e5965c008) Importer(815301076,1909f56bfc062723c751e8b465ee728b)
Start importing Assets/Unity Store Downloads/Snowconesolid Assets/Super Rubber Duck Pack/Rubber Duck PREFABS (Mobile)/RubberDuck_Yellow_MOBILE.prefab using Guid(325beb5088b92ec4786c0a2e5965c008) Importer(815301076,1909f56bfc062723c751e8b465ee728b)  -> (artifact id: '0348c5bd9015f438bfc44a891001c50e') in 0.013714 seconds 
========================================================================
Received Import Request.
  Time since last request: 0.000028 seconds.
  path: Assets/Unity Store Downloads/Snowconesolid Assets/Super Rubber Duck Pack/Rubber Duck PREFABS/RubberDuck_YinYang.prefab
  artifactKey: Guid(b96e628b5d32d92478c57b861ec765cf) Importer(815301076,1909f56bfc062723c751e8b465ee728b)
Start importing Assets/Unity Store Downloads/Snowconesolid Assets/Super Rubber Duck Pack/Rubber Duck PREFABS/RubberDuck_YinYang.prefab using Guid(b96e628b5d32d92478c57b861ec765cf) Importer(815301076,1909f56bfc062723c751e8b465ee728b)  -> (artifact id: '352827691a8f8aeaa0ee23adc78c0bc7') in 0.015649 seconds 
========================================================================
Received Import Request.
  Time since last request: 0.000029 seconds.
  path: Assets/Unity Store Downloads/Snowconesolid Assets/Super Rubber Duck Pack/Rubber Duck PREFABS (Mobile)/RubberDuck_GreenDark_MOBILE.prefab
  artifactKey: Guid(6ae48d75a0448e646ba66e87cfde06fc) Importer(815301076,1909f56bfc062723c751e8b465ee728b)
Start importing Assets/Unity Store Downloads/Snowconesolid Assets/Super Rubber Duck Pack/Rubber Duck PREFABS (Mobile)/RubberDuck_GreenDark_MOBILE.prefab using Guid(6ae48d75a0448e646ba66e87cfde06fc) Importer(815301076,1909f56bfc062723c751e8b465ee728b)  -> (artifact id: 'aa13623fdddc932d2c131292f06295d0') in 0.012671 seconds 
Editor requested this worker to shutdown with reason: Scaling down because of idle timeout
AssetImportWorker is now disconnected from the server
Process exiting
Exiting without the bug reporter. Application will terminate with return code 0