Using pre-set license
Built from '2021.3/staging' branch; Version is '2021.3.10f1 (1c7d0df0160b) revision 1867021'; Using compiler version '192829333'; Build Type 'Release'
OS: 'Windows 10  (10.0.19044) 64bit Core' Language: 'en' Physical Memory: 16332 MB
BatchMode: 1, IsHumanControllingUs: 0, StartBugReporterOnCrash: 0, Is64bit: 1, IsPro: 1

COMMAND LINE ARGUMENTS:
C:\Program Files\Unity\Hub\Editor\2021.3.10f1\Editor\Unity.exe
-adb2
-batchMode
-noUpm
-name
AssetImportWorker0
-projectPath
E:/unity/Angry Gophers(JW)
-logFile
Logs/AssetImportWorker0.log
-srvPort
52129
Successfully changed project path to: E:/unity/Angry Gophers(JW)
E:/unity/Angry Gophers(JW)
[UnityMemory] Configuration Parameters - Can be set up in boot.config
    "memorysetup-bucket-allocator-granularity=16"
    "memorysetup-bucket-allocator-bucket-count=8"
    "memorysetup-bucket-allocator-block-size=33554432"
    "memorysetup-bucket-allocator-block-count=8"
    "memorysetup-main-allocator-block-size=16777216"
    "memorysetup-thread-allocator-block-size=16777216"
    "memorysetup-gfx-main-allocator-block-size=16777216"
    "memorysetup-gfx-thread-allocator-block-size=16777216"
    "memorysetup-cache-allocator-block-size=4194304"
    "memorysetup-typetree-allocator-block-size=2097152"
    "memorysetup-profiler-bucket-allocator-granularity=16"
    "memorysetup-profiler-bucket-allocator-bucket-count=8"
    "memorysetup-profiler-bucket-allocator-block-size=33554432"
    "memorysetup-profiler-bucket-allocator-block-count=8"
    "memorysetup-profiler-allocator-block-size=16777216"
    "memorysetup-profiler-editor-allocator-block-size=1048576"
    "memorysetup-temp-allocator-size-main=16777216"
    "memorysetup-job-temp-allocator-block-size=2097152"
    "memorysetup-job-temp-allocator-block-size-background=1048576"
    "memorysetup-job-temp-allocator-reduction-small-platforms=262144"
    "memorysetup-temp-allocator-size-background-worker=32768"
    "memorysetup-temp-allocator-size-job-worker=262144"
    "memorysetup-temp-allocator-size-preload-manager=33554432"
    "memorysetup-temp-allocator-size-nav-mesh-worker=65536"
    "memorysetup-temp-allocator-size-audio-worker=65536"
    "memorysetup-temp-allocator-size-cloud-worker=32768"
    "memorysetup-temp-allocator-size-gi-baking-worker=262144"
    "memorysetup-temp-allocator-size-gfx=262144"
Refreshing native plugins compatible for Editor in 77.73 ms, found 3 plugins.
Preloading 0 native plugins for Editor in 0.00 ms.
Initialize engine version: 2021.3.10f1 (1c7d0df0160b)
[Subsystems] Discovering subsystems at path C:/Program Files/Unity/Hub/Editor/2021.3.10f1/Editor/Data/Resources/UnitySubsystems
[Subsystems] Discovering subsystems at path E:/unity/Angry Gophers(JW)/Assets
GfxDevice: creating device client; threaded=0; jobified=0
Direct3D:
    Version:  Direct3D 11.0 [level 11.1]
    Renderer: AMD Radeon RX 5700 XT (ID=0x731f)
    Vendor:   ATI
    VRAM:     8151 MB
    Driver:   31.0.12019.11001
Initialize mono
Mono path[0] = 'C:/Program Files/Unity/Hub/Editor/2021.3.10f1/Editor/Data/Managed'
Mono path[1] = 'C:/Program Files/Unity/Hub/Editor/2021.3.10f1/Editor/Data/MonoBleedingEdge/lib/mono/unityjit-win32'
Mono config path = 'C:/Program Files/Unity/Hub/Editor/2021.3.10f1/Editor/Data/MonoBleedingEdge/etc'
Using monoOptions --debugger-agent=transport=dt_socket,embedding=1,server=y,suspend=n,address=127.0.0.1:56720
Begin MonoManager ReloadAssembly
Registering precompiled unity dll's ...
Register platform support module: C:/Program Files/Unity/Hub/Editor/2021.3.10f1/Editor/Data/PlaybackEngines/WindowsStandaloneSupport/UnityEditor.WindowsStandalone.Extensions.dll
Registered in 0.007760 seconds.
Native extension for WindowsStandalone target not found
Refreshing native plugins compatible for Editor in 83.40 ms, found 3 plugins.
Preloading 0 native plugins for Editor in 0.00 ms.
Mono: successfully reloaded assembly
- Completed reload, in  0.626 seconds
Domain Reload Profiling:
	ReloadAssembly (626ms)
		BeginReloadAssembly (68ms)
			ExecutionOrderSort (0ms)
			DisableScriptedObjects (0ms)
			BackupInstance (0ms)
			ReleaseScriptingObjects (0ms)
			CreateAndSetChildDomain (1ms)
		EndReloadAssembly (452ms)
			LoadAssemblies (66ms)
			RebuildTransferFunctionScriptingTraits (0ms)
			SetupTypeCache (93ms)
			ReleaseScriptCaches (0ms)
			RebuildScriptCaches (23ms)
			SetupLoadedEditorAssemblies (289ms)
				LogAssemblyErrors (0ms)
				InitializePlatformSupportModulesInManaged (8ms)
				SetLoadedEditorAssemblies (0ms)
				RefreshPlugins (84ms)
				BeforeProcessingInitializeOnLoad (1ms)
				ProcessInitializeOnLoadAttributes (147ms)
				ProcessInitializeOnLoadMethodAttributes (48ms)
				AfterProcessingInitializeOnLoad (0ms)
				EditorAssembliesLoaded (0ms)
			ExecutionOrderSort2 (0ms)
			AwakeInstancesAfterBackupRestoration (0ms)
Platform modules already initialized, skipping
Registering precompiled user dll's ...
Registered in 0.006280 seconds.
Begin MonoManager ReloadAssembly
Symbol file LoadedFromMemory doesn't match image E:\unity\Angry Gophers(JW)\Library\PackageCache\com.unity.visualscripting@1.7.8\Editor\VisualScripting.Core\Dependencies\YamlDotNet\Unity.VisualScripting.YamlDotNet.dll
Symbol file LoadedFromMemory doesn't match image E:\unity\Angry Gophers(JW)\Library\PackageCache\com.unity.visualscripting@1.7.8\Editor\VisualScripting.Core\Dependencies\DotNetZip\Unity.VisualScripting.IonicZip.dll
Native extension for WindowsStandalone target not found
Refreshing native plugins compatible for Editor in 0.67 ms, found 3 plugins.
Preloading 0 native plugins for Editor in 0.00 ms.
Mono: successfully reloaded assembly
- Completed reload, in  0.928 seconds
Domain Reload Profiling:
	ReloadAssembly (928ms)
		BeginReloadAssembly (103ms)
			ExecutionOrderSort (0ms)
			DisableScriptedObjects (5ms)
			BackupInstance (0ms)
			ReleaseScriptingObjects (0ms)
			CreateAndSetChildDomain (19ms)
		EndReloadAssembly (722ms)
			LoadAssemblies (82ms)
			RebuildTransferFunctionScriptingTraits (0ms)
			SetupTypeCache (232ms)
			ReleaseScriptCaches (1ms)
			RebuildScriptCaches (52ms)
			SetupLoadedEditorAssemblies (316ms)
				LogAssemblyErrors (0ms)
				InitializePlatformSupportModulesInManaged (5ms)
				SetLoadedEditorAssemblies (0ms)
				RefreshPlugins (1ms)
				BeforeProcessingInitializeOnLoad (80ms)
				ProcessInitializeOnLoadAttributes (196ms)
				ProcessInitializeOnLoadMethodAttributes (25ms)
				AfterProcessingInitializeOnLoad (9ms)
				EditorAssembliesLoaded (0ms)
			ExecutionOrderSort2 (0ms)
			AwakeInstancesAfterBackupRestoration (5ms)
Platform modules already initialized, skipping
========================================================================
Worker process is ready to serve import requests
Launched and connected shader compiler UnityShaderCompiler.exe after 0.06 seconds
Refreshing native plugins compatible for Editor in 0.66 ms, found 3 plugins.
Preloading 0 native plugins for Editor in 0.00 ms.
Unloading 3380 Unused Serialized files (Serialized files now loaded: 0)
Unloading 27 unused Assets / (113.4 KB). Loaded Objects now: 3837.
Memory consumption went from 116.2 MB to 116.1 MB.
Total: 2.983900 ms (FindLiveObjects: 0.309300 ms CreateObjectMapping: 0.094900 ms MarkObjects: 2.471600 ms  DeleteObjects: 0.107100 ms)

AssetImportParameters requested are different than current active one (requested -> active):
  custom:video-decoder-ogg-theora: a1e56fd34408186e4bbccfd4996cb3dc -> 
  custom:container-muxer-webm: aa71ff27fc2769a1b78a27578f13a17b -> 
  custom:container-demuxer-webm: 4f35f7cbe854078d1ac9338744f61a02 -> 
  custom:video-encoder-webm-vp8: eb34c28f22e8b96e1ab97ce403110664 -> 
  custom:audio-encoder-webm-vorbis: bf7c407c2cedff20999df2af8eb42d56 -> 
  custom:framework-win-MediaFoundation: 216162199b28c13a410421893ffa2e32 -> 
  custom:container-demuxer-ogg: 62fdf1f143b41e24485cea50d1cbac27 -> 
  custom:video-decoder-webm-vp8: 9c59270c3fd7afecdb556c50c9e8de78 -> 
  custom:audio-decoder-ogg-vorbis: bf7c407c2cedff20999df2af8eb42d56 -> 
========================================================================
Received Import Request.
  Time since last request: 354406.878558 seconds.
  path: Assets
  artifactKey: Guid(00000000000000001000000000000000) Importer(815301076,1909f56bfc062723c751e8b465ee728b)
Start importing Assets using Guid(00000000000000001000000000000000) Importer(815301076,1909f56bfc062723c751e8b465ee728b)  -> (artifact id: '79842766b460edbeab6a34051e857a80') in 0.010583 seconds 
========================================================================
Received Import Request.
  Time since last request: 3.179511 seconds.
  path: Assets/Scenes
  artifactKey: Guid(6ea315d0fd7389c41b19996891e99ae3) Importer(815301076,1909f56bfc062723c751e8b465ee728b)
Start importing Assets/Scenes using Guid(6ea315d0fd7389c41b19996891e99ae3) Importer(815301076,1909f56bfc062723c751e8b465ee728b)  -> (artifact id: 'b8193726cff86800c54781cdc6d54904') in 0.005465 seconds 
========================================================================
Received Import Request.
  Time since last request: 8.279719 seconds.
  path: Assets/New Folder
  artifactKey: Guid(7a74ba5b286a98c4fa1c4e06b3cc77b0) Importer(815301076,1909f56bfc062723c751e8b465ee728b)
Start importing Assets/New Folder using Guid(7a74ba5b286a98c4fa1c4e06b3cc77b0) Importer(815301076,1909f56bfc062723c751e8b465ee728b)  -> (artifact id: '9abd1fe482848e506e4bbf96f69ebc37') in 0.005801 seconds 
========================================================================
Received Import Request.
  Time since last request: 20.609773 seconds.
  path: Assets/Materials
  artifactKey: Guid(7a74ba5b286a98c4fa1c4e06b3cc77b0) Importer(815301076,1909f56bfc062723c751e8b465ee728b)
Start importing Assets/Materials using Guid(7a74ba5b286a98c4fa1c4e06b3cc77b0) Importer(815301076,1909f56bfc062723c751e8b465ee728b)  -> (artifact id: '86884f6c85b61148fc36dece95cba0de') in 0.005550 seconds 
========================================================================
Received Import Request.
  Time since last request: 11.124566 seconds.
  path: Assets/Prefabs
  artifactKey: Guid(0d0eee20f18eb7a49aee180aaf005822) Importer(815301076,1909f56bfc062723c751e8b465ee728b)
Start importing Assets/Prefabs using Guid(0d0eee20f18eb7a49aee180aaf005822) Importer(815301076,1909f56bfc062723c751e8b465ee728b)  -> (artifact id: '6f4f7dfc15689a9ece2b22df0adf06b5') in 0.005701 seconds 
========================================================================
Received Import Request.
  Time since last request: 6.010328 seconds.
  path: Assets/Prefabs/New Folder
  artifactKey: Guid(d126923979ec0574f987c442ede9b43c) Importer(815301076,1909f56bfc062723c751e8b465ee728b)
Start importing Assets/Prefabs/New Folder using Guid(d126923979ec0574f987c442ede9b43c) Importer(815301076,1909f56bfc062723c751e8b465ee728b)  -> (artifact id: 'a1b295e97e473c69847b0053bcac1cdf') in 0.001840 seconds 
========================================================================
Received Import Request.
  Time since last request: 14.448981 seconds.
  path: Assets/Textures
  artifactKey: Guid(278e8032f0db84d4d9e2336a31a674d7) Importer(815301076,1909f56bfc062723c751e8b465ee728b)
Start importing Assets/Textures using Guid(278e8032f0db84d4d9e2336a31a674d7) Importer(815301076,1909f56bfc062723c751e8b465ee728b)  -> (artifact id: '6f76de78117daf194859af34d074f63c') in 0.005205 seconds 
========================================================================
Received Import Request.
  Time since last request: 13.234990 seconds.
  path: Assets/Audio
  artifactKey: Guid(ea1f4db319d0d904ebe1a0d3ba5c3eb4) Importer(815301076,1909f56bfc062723c751e8b465ee728b)
Start importing Assets/Audio using Guid(ea1f4db319d0d904ebe1a0d3ba5c3eb4) Importer(815301076,1909f56bfc062723c751e8b465ee728b)  -> (artifact id: 'e3f1482b891fe5a9ad258da8ba582549') in 0.005270 seconds 
========================================================================
Received Import Request.
  Time since last request: 10.267477 seconds.
  path: Assets/Animations
  artifactKey: Guid(a0fe80be7da00aa458b6c140943993bf) Importer(815301076,1909f56bfc062723c751e8b465ee728b)
Start importing Assets/Animations using Guid(a0fe80be7da00aa458b6c140943993bf) Importer(815301076,1909f56bfc062723c751e8b465ee728b)  -> (artifact id: '798aa6a379e127b254eed192c02d80c2') in 0.005439 seconds 
========================================================================
Received Import Request.
  Time since last request: 8.557329 seconds.
  path: Assets/models
  artifactKey: Guid(dd99ddcc1c845114d9b9c991986ecae0) Importer(815301076,1909f56bfc062723c751e8b465ee728b)
Start importing Assets/models using Guid(dd99ddcc1c845114d9b9c991986ecae0) Importer(815301076,1909f56bfc062723c751e8b465ee728b)  -> (artifact id: 'f1e60c047666b325295bf7c2fe64346b') in 0.005472 seconds 
========================================================================
Received Import Request.
  Time since last request: 16.026637 seconds.
  path: Assets/Models
  artifactKey: Guid(dd99ddcc1c845114d9b9c991986ecae0) Importer(815301076,1909f56bfc062723c751e8b465ee728b)
Start importing Assets/Models using Guid(dd99ddcc1c845114d9b9c991986ecae0) Importer(815301076,1909f56bfc062723c751e8b465ee728b)  -> (artifact id: '3a3e0fa2943350663cbbf27383a9aef4') in 0.005301 seconds 
========================================================================
Received Import Request.
  Time since last request: 13.188290 seconds.
  path: Assets/Scripts
  artifactKey: Guid(449cba65d2d2dcd43a2cd1df8d301cff) Importer(815301076,1909f56bfc062723c751e8b465ee728b)
Start importing Assets/Scripts using Guid(449cba65d2d2dcd43a2cd1df8d301cff) Importer(815301076,1909f56bfc062723c751e8b465ee728b)  -> (artifact id: 'd000c55eb946c2f2620d0ffa88972bd0') in 0.005792 seconds 
========================================================================
Received Import Request.
  Time since last request: 15.707947 seconds.
  path: Assets/Unity Store Downloads
  artifactKey: Guid(27247c93535b71140b13cfaef0024bcc) Importer(815301076,1909f56bfc062723c751e8b465ee728b)
Start importing Assets/Unity Store Downloads using Guid(27247c93535b71140b13cfaef0024bcc) Importer(815301076,1909f56bfc062723c751e8b465ee728b)  -> (artifact id: '2ba4bb90504d1151957ec23c7fd7c624') in 0.006210 seconds 
========================================================================
Received Import Request.
  Time since last request: 1277.780133 seconds.
  path: Assets/Materials/Carpet.mat
  artifactKey: Guid(1539f4bb6f984be4a8a0096fbcbf0c53) Importer(815301076,1909f56bfc062723c751e8b465ee728b)
Start importing Assets/Materials/Carpet.mat using Guid(1539f4bb6f984be4a8a0096fbcbf0c53) Importer(815301076,1909f56bfc062723c751e8b465ee728b)  -> (artifact id: '04b2e3f7110413501acd49b13d28186e') in 0.287657 seconds 
========================================================================
Received Import Request.
  Time since last request: 29.778754 seconds.
  path: Assets/Nice Materials Pack 2/Materials/Carpet.mat
  artifactKey: Guid(1de165572fac44c97819a5fd315aa448) Importer(815301076,1909f56bfc062723c751e8b465ee728b)
Start importing Assets/Nice Materials Pack 2/Materials/Carpet.mat using Guid(1de165572fac44c97819a5fd315aa448) Importer(815301076,1909f56bfc062723c751e8b465ee728b)  -> (artifact id: 'bcab5b8596db181bbb03a76dbd0ea51d') in 0.254017 seconds 
========================================================================
Received Import Request.
  Time since last request: 0.000024 seconds.
  path: Assets/Nice Materials Pack 2/OtherAssets/Skyboxes(AssetStoreFree)/hotday.mat
  artifactKey: Guid(28e17eb1f6b3149da9f03426b8603486) Importer(815301076,1909f56bfc062723c751e8b465ee728b)
Start importing Assets/Nice Materials Pack 2/OtherAssets/Skyboxes(AssetStoreFree)/hotday.mat using Guid(28e17eb1f6b3149da9f03426b8603486) Importer(815301076,1909f56bfc062723c751e8b465ee728b)  -> (artifact id: '7f7a4696a4dd6e5d6c8862af790b818f') in 0.161525 seconds 
========================================================================
Received Import Request.
  Time since last request: 0.000066 seconds.
  path: Assets/Nice Materials Pack 2/Materials/Stained Leather.mat
  artifactKey: Guid(c92403dbee0d444238a50451076ed995) Importer(815301076,1909f56bfc062723c751e8b465ee728b)
Start importing Assets/Nice Materials Pack 2/Materials/Stained Leather.mat using Guid(c92403dbee0d444238a50451076ed995) Importer(815301076,1909f56bfc062723c751e8b465ee728b)  -> (artifact id: '37db6664fe68bd4c8b562cbb29a17464') in 0.216011 seconds 
========================================================================
Received Import Request.
  Time since last request: 0.000040 seconds.
  path: Assets/Nice Materials Pack 2/OtherAssets/Walls 1.mat
  artifactKey: Guid(e0b91578a5e8d4569abc1664ae2ef202) Importer(815301076,1909f56bfc062723c751e8b465ee728b)
Start importing Assets/Nice Materials Pack 2/OtherAssets/Walls 1.mat using Guid(e0b91578a5e8d4569abc1664ae2ef202) Importer(815301076,1909f56bfc062723c751e8b465ee728b)  -> (artifact id: '6bfe5405f169020858c5f426611e2048') in 0.247246 seconds 
========================================================================
Received Import Request.
  Time since last request: 0.000032 seconds.
  path: Assets/Nice Materials Pack 2/OtherAssets/Walls.mat
  artifactKey: Guid(372463bba50b3444da05af70d627f1ac) Importer(815301076,1909f56bfc062723c751e8b465ee728b)
Start importing Assets/Nice Materials Pack 2/OtherAssets/Walls.mat using Guid(372463bba50b3444da05af70d627f1ac) Importer(815301076,1909f56bfc062723c751e8b465ee728b)  -> (artifact id: 'd7a257ca2c3dcb96661337074b7ee310') in 0.019343 seconds 
========================================================================
Received Import Request.
  Time since last request: 0.000024 seconds.
  path: Assets/Nice Materials Pack 2/Materials/Concrete Wall.mat
  artifactKey: Guid(c294d36e55c2a4948a246b45e6113e91) Importer(815301076,1909f56bfc062723c751e8b465ee728b)
Start importing Assets/Nice Materials Pack 2/Materials/Concrete Wall.mat using Guid(c294d36e55c2a4948a246b45e6113e91) Importer(815301076,1909f56bfc062723c751e8b465ee728b)  -> (artifact id: '713931a84e254f298176fab2b98f5e76') in 0.245958 seconds 
========================================================================
Received Import Request.
  Time since last request: 0.000029 seconds.
  path: Assets/Nice Materials Pack 2/Materials/Lino.mat
  artifactKey: Guid(2384c896585ef49ba8fe43f220c3ad83) Importer(815301076,1909f56bfc062723c751e8b465ee728b)
Start importing Assets/Nice Materials Pack 2/Materials/Lino.mat using Guid(2384c896585ef49ba8fe43f220c3ad83) Importer(815301076,1909f56bfc062723c751e8b465ee728b)  -> (artifact id: '29abcfb9b65114dac5f97774c5648b18') in 0.234185 seconds 
========================================================================
Received Import Request.
  Time since last request: 42.890106 seconds.
  path: Assets/Unity Store Downloads/Nice Materials Pack 2/OtherAssets/Textures/Textured Carpet(2K)_NRM.png
  artifactKey: Guid(85427bdebfaf04c7ab9fa728c31d2a53) Importer(815301076,1909f56bfc062723c751e8b465ee728b)
Start importing Assets/Unity Store Downloads/Nice Materials Pack 2/OtherAssets/Textures/Textured Carpet(2K)_NRM.png using Guid(85427bdebfaf04c7ab9fa728c31d2a53) Importer(815301076,1909f56bfc062723c751e8b465ee728b)  -> (artifact id: 'e90c8e584fc18e958c47838085a522af') in 0.075299 seconds 
Editor requested this worker to shutdown with reason: Scaling down because of idle timeout
AssetImportWorker is now disconnected from the server
Process exiting
Exiting without the bug reporter. Application will terminate with return code 0