Base path: 'C:/Program Files/Unity/Hub/Editor/2021.3.10f1/Editor/Data', plugins path 'C:/Program Files/Unity/Hub/Editor/2021.3.10f1/Editor/Data/PlaybackEngines'
Cmd: initializeCompiler

Cmd: compileSnippet
  insize=6428 file=Assets/Nice Materials Pack 2/Shaders/NMP/Scratched Wood pass=FORWARD_DELTA cachingPP=1 ppOnly=0 stripLineD=0 buildPlatform=19 rsLen=0 pKW=UNITY_ENABLE_REFLECTION_BUFFERS UNITY_USE_DITHER_MASK_FOR_ALPHABLENDED_SHADOWS UNITY_PBS_USE_BRDF1 UNITY_SPECCUBE_BOX_PROJECTION UNITY_SPECCUBE_BLENDING UNITY_ENABLE_DETAIL_NORMALMAP SHADER_API_DESKTOP UNITY_LIGHT_PROBE_PROXY_VOLUME UNITY_LIGHTMAP_FULL_HDR UNITY_PASS_FORWARDADD uKW=LIGHTMAP_OFF DIRLIGHTMAP_OFF DYNAMICLIGHTMAP_OFF POINT dKW=LIGHTMAP_ON DIRLIGHTMAP_COMBINED DIRLIGHTMAP_SEPARATE DYNAMICLIGHTMAP_ON FOG_LINEAR FOG_EXP FOG_EXP2 DIRECTIONAL SPOT POINT_COOKIE DIRECTIONAL_COOKIE SHADOWS_SHADOWMASK LIGHTMAP_SHADOW_MIXING SHADOWS_DEPTH SHADOWS_SOFT SHADOWS_SCREEN SHADOWS_CUBE UNITY_NO_DXT5nm UNITY_FRAMEBUFFER_FETCH_AVAILABLE UNITY_ENABLE_NATIVE_SHADOW_LOOKUPS UNITY_METAL_SHADOWS_USE_POINT_FILTERING UNITY_NO_SCREENSPACE_SHADOWS UNITY_PBS_USE_BRDF2 UNITY_PBS_USE_BRDF3 UNITY_NO_FULL_STANDARD_SHADER UNITY_HARDWARE_TIER1 UNITY_HARDWARE_TIER2 UNITY_HARDWARE_TIER3 UNITY_COLORSPACE_GAMMA UNITY_HALF_PRECISION_FRAGMENT_SHADER_REGISTERS UNITY_LIGHTMAP_DLDR_ENCODING UNITY_LIGHTMAP_RGBM_ENCODING UNITY_VIRTUAL_TEXTURING UNITY_PRETRANSFORM_TO_DISPLAY_ORIENTATION UNITY_ASTC_NORMALMAP_ENCODING SHADER_API_GLES30 UNITY_UNIFIED_SHADER_PRECISION_MODEL flags=0 lang=0 type=Fragment platform=d3d11 reqs=227 mask=6 start=210  error: 1 plat 25 at (212): 'UNITY_PASS_FORWARDADD': macro redefinition. Previous definition found at :1.
 ok=1 outsize=4054

Cmd: compileSnippet
  insize=8465 file=Assets/DefaultResourcesExtra/TerrainShaders/Details/Hidden/TerrainEngine/Details/BillboardWavingDoublePass pass=ShadowCaster cachingPP=1 ppOnly=0 stripLineD=0 buildPlatform=19 rsLen=0 pKW=UNITY_ENABLE_REFLECTION_BUFFERS UNITY_USE_DITHER_MASK_FOR_ALPHABLENDED_SHADOWS UNITY_PBS_USE_BRDF1 UNITY_SPECCUBE_BOX_PROJECTION UNITY_SPECCUBE_BLENDING UNITY_ENABLE_DETAIL_NORMALMAP SHADER_API_DESKTOP UNITY_LIGHT_PROBE_PROXY_VOLUME UNITY_LIGHTMAP_FULL_HDR UNITY_PASS_SHADOWCASTER uKW=SHADOWS_DEPTH dKW=INSTANCING_ON SHADOWS_CUBE UNITY_NO_DXT5nm UNITY_FRAMEBUFFER_FETCH_AVAILABLE UNITY_ENABLE_NATIVE_SHADOW_LOOKUPS UNITY_METAL_SHADOWS_USE_POINT_FILTERING UNITY_NO_SCREENSPACE_SHADOWS UNITY_PBS_USE_BRDF2 UNITY_PBS_USE_BRDF3 UNITY_NO_FULL_STANDARD_SHADER UNITY_HARDWARE_TIER1 UNITY_HARDWARE_TIER2 UNITY_HARDWARE_TIER3 UNITY_COLORSPACE_GAMMA UNITY_HALF_PRECISION_FRAGMENT_SHADER_REGISTERS UNITY_LIGHTMAP_DLDR_ENCODING UNITY_LIGHTMAP_RGBM_ENCODING UNITY_VIRTUAL_TEXTURING UNITY_PRETRANSFORM_TO_DISPLAY_ORIENTATION UNITY_ASTC_NORMALMAP_ENCODING SHADER_API_GLES30 UNITY_UNIFIED_SHADER_PRECISION_MODEL flags=0 lang=0 type=Fragment platform=d3d11 reqs=33 mask=6 start=232 ok=1 outsize=534

Cmd: compileSnippet
  insize=9992 file=Assets/Nice Materials Pack 2/Shaders/NMP/Carpet pass=FORWARD cachingPP=1 ppOnly=0 stripLineD=0 buildPlatform=19 rsLen=0 pKW=UNITY_ENABLE_REFLECTION_BUFFERS UNITY_USE_DITHER_MASK_FOR_ALPHABLENDED_SHADOWS UNITY_PBS_USE_BRDF1 UNITY_SPECCUBE_BOX_PROJECTION UNITY_SPECCUBE_BLENDING UNITY_ENABLE_DETAIL_NORMALMAP SHADER_API_DESKTOP UNITY_LIGHT_PROBE_PROXY_VOLUME UNITY_LIGHTMAP_FULL_HDR UNITY_PASS_FORWARDBASE uKW=LIGHTMAP_OFF DIRLIGHTMAP_OFF DYNAMICLIGHTMAP_OFF DIRECTIONAL LIGHTPROBE_SH SHADOWS_SCREEN VERTEXLIGHT_ON dKW=LIGHTMAP_ON DIRLIGHTMAP_COMBINED DIRLIGHTMAP_SEPARATE DYNAMICLIGHTMAP_ON FOG_LINEAR FOG_EXP FOG_EXP2 SHADOWS_SHADOWMASK LIGHTMAP_SHADOW_MIXING UNITY_NO_DXT5nm UNITY_FRAMEBUFFER_FETCH_AVAILABLE UNITY_ENABLE_NATIVE_SHADOW_LOOKUPS UNITY_METAL_SHADOWS_USE_POINT_FILTERING UNITY_NO_SCREENSPACE_SHADOWS UNITY_PBS_USE_BRDF2 UNITY_PBS_USE_BRDF3 UNITY_NO_FULL_STANDARD_SHADER UNITY_HARDWARE_TIER1 UNITY_HARDWARE_TIER2 UNITY_HARDWARE_TIER3 UNITY_COLORSPACE_GAMMA UNITY_HALF_PRECISION_FRAGMENT_SHADER_REGISTERS UNITY_LIGHTMAP_DLDR_ENCODING UNITY_LIGHTMAP_RGBM_ENCODING UNITY_VIRTUAL_TEXTURING UNITY_PRETRANSFORM_TO_DISPLAY_ORIENTATION UNITY_ASTC_NORMALMAP_ENCODING SHADER_API_GLES30 UNITY_UNIFIED_SHADER_PRECISION_MODEL flags=0 lang=0 type=Vertex platform=d3d11 reqs=227 mask=6 start=29  error: 1 plat 25 at (31): 'UNITY_PASS_FORWARDBASE': macro redefinition. Previous definition found at :1.
 ok=1 outsize=2286

Cmd: disassembleShader
 name=NMP/Carpet platform=d3d11 type=15 mask=6 insize=2286 outsize=4026 ok=1

Cmd: compileSnippet
  insize=6572 file=Assets/Nice Materials Pack 2/Shaders/NMP/Carpet pass=FORWARD_DELTA cachingPP=1 ppOnly=0 stripLineD=0 buildPlatform=19 rsLen=0 pKW=UNITY_ENABLE_REFLECTION_BUFFERS UNITY_USE_DITHER_MASK_FOR_ALPHABLENDED_SHADOWS UNITY_PBS_USE_BRDF1 UNITY_SPECCUBE_BOX_PROJECTION UNITY_SPECCUBE_BLENDING UNITY_ENABLE_DETAIL_NORMALMAP SHADER_API_DESKTOP UNITY_LIGHT_PROBE_PROXY_VOLUME UNITY_LIGHTMAP_FULL_HDR UNITY_PASS_FORWARDADD uKW=LIGHTMAP_OFF DIRLIGHTMAP_OFF DYNAMICLIGHTMAP_OFF POINT SHADOWS_SOFT SHADOWS_CUBE dKW=LIGHTMAP_ON DIRLIGHTMAP_COMBINED DIRLIGHTMAP_SEPARATE DYNAMICLIGHTMAP_ON FOG_LINEAR FOG_EXP FOG_EXP2 DIRECTIONAL SPOT POINT_COOKIE DIRECTIONAL_COOKIE SHADOWS_SHADOWMASK LIGHTMAP_SHADOW_MIXING SHADOWS_DEPTH SHADOWS_SCREEN UNITY_NO_DXT5nm UNITY_FRAMEBUFFER_FETCH_AVAILABLE UNITY_ENABLE_NATIVE_SHADOW_LOOKUPS UNITY_METAL_SHADOWS_USE_POINT_FILTERING UNITY_NO_SCREENSPACE_SHADOWS UNITY_PBS_USE_BRDF2 UNITY_PBS_USE_BRDF3 UNITY_NO_FULL_STANDARD_SHADER UNITY_HARDWARE_TIER1 UNITY_HARDWARE_TIER2 UNITY_HARDWARE_TIER3 UNITY_COLORSPACE_GAMMA UNITY_HALF_PRECISION_FRAGMENT_SHADER_REGISTERS UNITY_LIGHTMAP_DLDR_ENCODING UNITY_LIGHTMAP_RGBM_ENCODING UNITY_VIRTUAL_TEXTURING UNITY_PRETRANSFORM_TO_DISPLAY_ORIENTATION UNITY_ASTC_NORMALMAP_ENCODING SHADER_API_GLES30 UNITY_UNIFIED_SHADER_PRECISION_MODEL flags=0 lang=0 type=Vertex platform=d3d11 reqs=227 mask=6 start=215  error: 1 plat 25 at (217): 'UNITY_PASS_FORWARDADD': macro redefinition. Previous definition found at :1.
 ok=1 outsize=2322

Cmd: disassembleShader
 name=NMP/Carpet platform=d3d11 type=15 mask=6 insize=2322 outsize=4062 ok=1

Cmd: compileSnippet
  insize=6572 file=Assets/Nice Materials Pack 2/Shaders/NMP/Carpet pass=FORWARD_DELTA cachingPP=1 ppOnly=0 stripLineD=0 buildPlatform=19 rsLen=0 pKW=UNITY_ENABLE_REFLECTION_BUFFERS UNITY_USE_DITHER_MASK_FOR_ALPHABLENDED_SHADOWS UNITY_PBS_USE_BRDF1 UNITY_SPECCUBE_BOX_PROJECTION UNITY_SPECCUBE_BLENDING UNITY_ENABLE_DETAIL_NORMALMAP SHADER_API_DESKTOP UNITY_LIGHT_PROBE_PROXY_VOLUME UNITY_LIGHTMAP_FULL_HDR UNITY_PASS_FORWARDADD uKW=LIGHTMAP_OFF DIRLIGHTMAP_SEPARATE DYNAMICLIGHTMAP_OFF DIRECTIONAL dKW=LIGHTMAP_ON DIRLIGHTMAP_OFF DIRLIGHTMAP_COMBINED DYNAMICLIGHTMAP_ON FOG_LINEAR FOG_EXP FOG_EXP2 POINT SPOT POINT_COOKIE DIRECTIONAL_COOKIE SHADOWS_SHADOWMASK LIGHTMAP_SHADOW_MIXING SHADOWS_DEPTH SHADOWS_SOFT SHADOWS_SCREEN SHADOWS_CUBE UNITY_NO_DXT5nm UNITY_FRAMEBUFFER_FETCH_AVAILABLE UNITY_ENABLE_NATIVE_SHADOW_LOOKUPS UNITY_METAL_SHADOWS_USE_POINT_FILTERING UNITY_NO_SCREENSPACE_SHADOWS UNITY_PBS_USE_BRDF2 UNITY_PBS_USE_BRDF3 UNITY_NO_FULL_STANDARD_SHADER UNITY_HARDWARE_TIER1 UNITY_HARDWARE_TIER2 UNITY_HARDWARE_TIER3 UNITY_COLORSPACE_GAMMA UNITY_HALF_PRECISION_FRAGMENT_SHADER_REGISTERS UNITY_LIGHTMAP_DLDR_ENCODING UNITY_LIGHTMAP_RGBM_ENCODING UNITY_VIRTUAL_TEXTURING UNITY_PRETRANSFORM_TO_DISPLAY_ORIENTATION UNITY_ASTC_NORMALMAP_ENCODING SHADER_API_GLES30 UNITY_UNIFIED_SHADER_PRECISION_MODEL flags=0 lang=0 type=Fragment platform=d3d11 reqs=227 mask=6 start=215  error: 1 plat 25 at (217): 'UNITY_PASS_FORWARDADD': macro redefinition. Previous definition found at :1.
 ok=1 outsize=3810

Cmd: disassembleShader
 name=NMP/Carpet platform=d3d11 type=17 mask=6 insize=3810 outsize=5655 ok=1

Cmd: compileSnippet
  insize=6572 file=Assets/Nice Materials Pack 2/Shaders/NMP/Carpet pass=FORWARD_DELTA cachingPP=1 ppOnly=0 stripLineD=0 buildPlatform=19 rsLen=0 pKW=UNITY_ENABLE_REFLECTION_BUFFERS UNITY_USE_DITHER_MASK_FOR_ALPHABLENDED_SHADOWS UNITY_PBS_USE_BRDF1 UNITY_SPECCUBE_BOX_PROJECTION UNITY_SPECCUBE_BLENDING UNITY_ENABLE_DETAIL_NORMALMAP SHADER_API_DESKTOP UNITY_LIGHT_PROBE_PROXY_VOLUME UNITY_LIGHTMAP_FULL_HDR UNITY_PASS_FORWARDADD uKW=LIGHTMAP_OFF DIRLIGHTMAP_SEPARATE DYNAMICLIGHTMAP_OFF SPOT SHADOWS_DEPTH dKW=LIGHTMAP_ON DIRLIGHTMAP_OFF DIRLIGHTMAP_COMBINED DYNAMICLIGHTMAP_ON FOG_LINEAR FOG_EXP FOG_EXP2 POINT DIRECTIONAL POINT_COOKIE DIRECTIONAL_COOKIE SHADOWS_SHADOWMASK LIGHTMAP_SHADOW_MIXING SHADOWS_SOFT SHADOWS_SCREEN SHADOWS_CUBE UNITY_NO_DXT5nm UNITY_FRAMEBUFFER_FETCH_AVAILABLE UNITY_ENABLE_NATIVE_SHADOW_LOOKUPS UNITY_METAL_SHADOWS_USE_POINT_FILTERING UNITY_NO_SCREENSPACE_SHADOWS UNITY_PBS_USE_BRDF2 UNITY_PBS_USE_BRDF3 UNITY_NO_FULL_STANDARD_SHADER UNITY_HARDWARE_TIER1 UNITY_HARDWARE_TIER2 UNITY_HARDWARE_TIER3 UNITY_COLORSPACE_GAMMA UNITY_HALF_PRECISION_FRAGMENT_SHADER_REGISTERS UNITY_LIGHTMAP_DLDR_ENCODING UNITY_LIGHTMAP_RGBM_ENCODING UNITY_VIRTUAL_TEXTURING UNITY_PRETRANSFORM_TO_DISPLAY_ORIENTATION UNITY_ASTC_NORMALMAP_ENCODING SHADER_API_GLES30 UNITY_UNIFIED_SHADER_PRECISION_MODEL flags=0 lang=0 type=Fragment platform=d3d11 reqs=227 mask=6 start=215  error: 1 plat 25 at (217): 'UNITY_PASS_FORWARDADD': macro redefinition. Previous definition found at :1.
 ok=1 outsize=4462

Cmd: disassembleShader
 name=NMP/Carpet platform=d3d11 type=17 mask=6 insize=4462 outsize=6769 ok=1

Cmd: disassembleShader
 name=NMP/Carpet platform=d3d11 type=15 mask=6 insize=2286 outsize=4026 ok=1

Cmd: disassembleShader
 name=NMP/Carpet platform=d3d11 type=17 mask=6 insize=5942 outsize=8714 ok=1

Cmd: disassembleShader
 name=NMP/Carpet platform=d3d11 type=15 mask=6 insize=2234 outsize=3873 ok=1

Cmd: disassembleShader
 name=NMP/Carpet platform=d3d11 type=15 mask=6 insize=2234 outsize=3878 ok=1

Cmd: disassembleShader
 name=NMP/Carpet platform=d3d11 type=17 mask=6 insize=4438 outsize=6628 ok=1

Cmd: disassembleShader
 name=NMP/Carpet platform=d3d11 type=17 mask=6 insize=4090 outsize=6231 ok=1

Cmd: disassembleShader
 name=NMP/Carpet platform=d3d11 type=15 mask=6 insize=2094 outsize=3695 ok=1

Cmd: disassembleShader
 name=NMP/Carpet platform=d3d11 type=15 mask=6 insize=2322 outsize=4062 ok=1

Cmd: disassembleShader
 name=NMP/Carpet platform=d3d11 type=15 mask=6 insize=2438 outsize=4218 ok=1

Cmd: disassembleShader
 name=NMP/Carpet platform=d3d11 type=17 mask=6 insize=4090 outsize=6231 ok=1

Cmd: disassembleShader
 name=NMP/Carpet platform=d3d11 type=15 mask=6 insize=1646 outsize=2974 ok=1

Cmd: disassembleShader
 name=NMP/Carpet platform=d3d11 type=15 mask=6 insize=2094 outsize=3695 ok=1

Cmd: disassembleShader
 name=NMP/Carpet platform=d3d11 type=15 mask=6 insize=2218 outsize=3900 ok=1

Cmd: disassembleShader
 name=NMP/Carpet platform=d3d11 type=15 mask=6 insize=2322 outsize=4062 ok=1

Cmd: disassembleShader
 name=NMP/Carpet platform=d3d11 type=17 mask=6 insize=4206 outsize=6327 ok=1

Cmd: disassembleShader
 name=NMP/Carpet platform=d3d11 type=15 mask=6 insize=2094 outsize=3695 ok=1

Cmd: disassembleShader
 name=NMP/Carpet platform=d3d11 type=15 mask=6 insize=2454 outsize=4237 ok=1

Cmd: disassembleShader
 name=NMP/Carpet platform=d3d11 type=15 mask=6 insize=2322 outsize=4062 ok=1

Cmd: disassembleShader
 name=NMP/Carpet platform=d3d11 type=17 mask=6 insize=3810 outsize=5655 ok=1

Cmd: disassembleShader
 name=NMP/Carpet platform=d3d11 type=15 mask=6 insize=1646 outsize=2974 ok=1

Cmd: disassembleShader
 name=NMP/Carpet platform=d3d11 type=15 mask=6 insize=2286 outsize=4026 ok=1

Cmd: disassembleShader
 name=NMP/Carpet platform=d3d11 type=17 mask=6 insize=5942 outsize=8714 ok=1

Cmd: disassembleShader
 name=NMP/Carpet platform=d3d11 type=15 mask=6 insize=2234 outsize=3878 ok=1

Cmd: disassembleShader
 name=NMP/Carpet platform=d3d11 type=17 mask=6 insize=4206 outsize=6327 ok=1

Cmd: compileSnippet
  insize=1647 file=Assets/DefaultResourcesExtra/Standard pass=FORWARD cachingPP=1 ppOnly=0 stripLineD=0 buildPlatform=19 rsLen=0 pKW=UNITY_ENABLE_REFLECTION_BUFFERS UNITY_USE_DITHER_MASK_FOR_ALPHABLENDED_SHADOWS UNITY_PBS_USE_BRDF1 UNITY_SPECCUBE_BOX_PROJECTION UNITY_SPECCUBE_BLENDING UNITY_ENABLE_DETAIL_NORMALMAP SHADER_API_DESKTOP UNITY_LIGHT_PROBE_PROXY_VOLUME UNITY_LIGHTMAP_FULL_HDR UNITY_PASS_FORWARDBASE uKW=_NORMALMAP DIRECTIONAL LIGHTPROBE_SH SHADOWS_SCREEN dKW=FOG_LINEAR FOG_EXP FOG_EXP2 INSTANCING_ON _ALPHATEST_ON _ALPHABLEND_ON _ALPHAPREMULTIPLY_ON _METALLICGLOSSMAP _PARALLAXMAP SHADOWS_SHADOWMASK DYNAMICLIGHTMAP_ON LIGHTMAP_ON LIGHTMAP_SHADOW_MIXING DIRLIGHTMAP_COMBINED VERTEXLIGHT_ON UNITY_NO_DXT5nm UNITY_FRAMEBUFFER_FETCH_AVAILABLE UNITY_ENABLE_NATIVE_SHADOW_LOOKUPS UNITY_METAL_SHADOWS_USE_POINT_FILTERING UNITY_NO_SCREENSPACE_SHADOWS UNITY_PBS_USE_BRDF2 UNITY_PBS_USE_BRDF3 UNITY_NO_FULL_STANDARD_SHADER UNITY_HARDWARE_TIER1 UNITY_HARDWARE_TIER2 UNITY_HARDWARE_TIER3 UNITY_COLORSPACE_GAMMA UNITY_HALF_PRECISION_FRAGMENT_SHADER_REGISTERS UNITY_LIGHTMAP_DLDR_ENCODING UNITY_LIGHTMAP_RGBM_ENCODING UNITY_VIRTUAL_TEXTURING UNITY_PRETRANSFORM_TO_DISPLAY_ORIENTATION UNITY_ASTC_NORMALMAP_ENCODING SHADER_API_GLES30 UNITY_UNIFIED_SHADER_PRECISION_MODEL flags=0 lang=0 type=Vertex platform=d3d11 reqs=227 mask=6 start=68 ok=1 outsize=2394

Cmd: shutdown
